#
# There is insufficient memory for the Java Runtime Environment to continue.
# Native memory allocation (malloc) failed to allocate 32744 bytes for ChunkPool::allocate
# Possible reasons:
#   The system is out of physical RAM or swap space
#   The process is running with CompressedOops enabled, and the Java Heap may be blocking the growth of the native heap
# Possible solutions:
#   Reduce memory load on the system
#   Increase physical memory or swap space
#   Check if swap backing store is full
#   Decrease Java heap size (-Xmx/-Xms)
#   Decrease number of Java threads
#   Decrease Java thread stack sizes (-Xss)
#   Set larger code cache with -XX:ReservedCodeCacheSize=
#   JVM is running with Zero Based Compressed Oops mode in which the Java heap is
#     placed in the first 32GB address space. The Java Heap base address is the
#     maximum limit for the native heap growth. Please use -XX:HeapBaseMinAddress
#     to set the Java Heap base and to place the Java Heap above 32GB virtual address.
# This output file may be truncated or incomplete.
#
#  Out of Memory Error (./open/src/hotspot/share/memory/arena.cpp:79), pid=3964, tid=22504
#
# JRE version: Java(TM) SE Runtime Environment (15.0.1+9) (build 15.0.1+9-18)
# Java VM: Java HotSpot(TM) 64-Bit Server VM (15.0.1+9-18, mixed mode, sharing, tiered, compressed oops, g1 gc, windows-amd64)
# No core dump will be written. Minidumps are not enabled by default on client versions of Windows
#

---------------  S U M M A R Y ------------

Command Line: -Dfile.encoding=Cp1252 -XX:+ShowCodeDetailsInExceptionMessages ATM

Host: Intel(R) Core(TM) i7-10510U CPU @ 1.80GHz, 8 cores, 15G,  Windows 10 , 64 bit Build 19041 (10.0.19041.662)
Time: Thu Jan 21 21:55:42 2021 Central Europe Standard Time elapsed time: 8178.051492 seconds (0d 2h 16m 18s)

---------------  T H R E A D  ---------------

Current thread (0x0000023a2f992db0):  JavaThread "C2 CompilerThread0" daemon [_thread_in_native, id=22504, stack(0x000000b995100000,0x000000b995200000)]


Current CompileTask:
C2:8178051 1109       4       jdk.internal.org.objectweb.asm.SymbolTable::put (150 bytes)

Stack: [0x000000b995100000,0x000000b995200000]
Native frames: (J=compiled Java code, j=interpreted, Vv=VM code, C=native code)
V  [jvm.dll+0x62ae9a]
V  [jvm.dll+0x781389]
V  [jvm.dll+0x782ae3]
V  [jvm.dll+0x783143]
V  [jvm.dll+0x216265]
V  [jvm.dll+0x9828f]
V  [jvm.dll+0x9806d]
V  [jvm.dll+0x60b0e8]
V  [jvm.dll+0x6beeb]
V  [jvm.dll+0x60813e]
V  [jvm.dll+0x29ce3e]
V  [jvm.dll+0x29b925]
V  [jvm.dll+0x29c540]
V  [jvm.dll+0x5f1e87]
V  [jvm.dll+0xebf8c]
V  [jvm.dll+0x307d76]
V  [jvm.dll+0x647086]
V  [jvm.dll+0x6463c6]
V  [jvm.dll+0x641590]
V  [jvm.dll+0x63b16b]
V  [jvm.dll+0x63a797]
V  [jvm.dll+0x6385e5]
V  [jvm.dll+0x17b02c]
V  [jvm.dll+0x1e94c6]
V  [jvm.dll+0x1784c7]
V  [jvm.dll+0x1f9165]
V  [jvm.dll+0x1f720c]
V  [jvm.dll+0x74485d]
V  [jvm.dll+0x73d65a]
V  [jvm.dll+0x629c56]
C  [ucrtbase.dll+0x214c2]
C  [KERNEL32.DLL+0x17034]
C  [ntdll.dll+0x4d0d1]


---------------  P R O C E S S  ---------------

Threads class SMR info:
_java_thread_list=0x0000023a30914400, length=16, elements={
0x0000023a2f0694e0, 0x0000023a2f06a0b0, 0x0000023a2f982730, 0x0000023a2f985000,
0x0000023a2f985ab0, 0x0000023a2f992db0, 0x0000023a2f993950, 0x0000023a2f9a8b30,
0x0000023a2fad7490, 0x0000023a2fae3cb0, 0x0000023a2fd09b50, 0x0000023a2fd0a1e0,
0x0000023a2fd0a8d0, 0x0000023a30895da0, 0x0000023a0ba0df40, 0x0000023a309d4f00
}

Java Threads: ( => current thread )
  0x0000023a2f0694e0 JavaThread "Reference Handler" daemon [_thread_blocked, id=33736, stack(0x000000b994c00000,0x000000b994d00000)]
  0x0000023a2f06a0b0 JavaThread "Finalizer" daemon [_thread_blocked, id=37756, stack(0x000000b994d00000,0x000000b994e00000)]
  0x0000023a2f982730 JavaThread "Signal Dispatcher" daemon [_thread_blocked, id=38900, stack(0x000000b994e00000,0x000000b994f00000)]
  0x0000023a2f985000 JavaThread "Attach Listener" daemon [_thread_blocked, id=28380, stack(0x000000b994f00000,0x000000b995000000)]
  0x0000023a2f985ab0 JavaThread "Service Thread" daemon [_thread_blocked, id=19936, stack(0x000000b995000000,0x000000b995100000)]
=>0x0000023a2f992db0 JavaThread "C2 CompilerThread0" daemon [_thread_in_native, id=22504, stack(0x000000b995100000,0x000000b995200000)]
  0x0000023a2f993950 JavaThread "C1 CompilerThread0" daemon [_thread_blocked, id=20104, stack(0x000000b995200000,0x000000b995300000)]
  0x0000023a2f9a8b30 JavaThread "Sweeper thread" daemon [_thread_blocked, id=25964, stack(0x000000b995300000,0x000000b995400000)]
  0x0000023a2fad7490 JavaThread "Notification Thread" daemon [_thread_blocked, id=37196, stack(0x000000b995400000,0x000000b995500000)]
  0x0000023a2fae3cb0 JavaThread "Common-Cleaner" daemon [_thread_blocked, id=37576, stack(0x000000b995600000,0x000000b995700000)]
  0x0000023a2fd09b50 JavaThread "Java2D Disposer" daemon [_thread_blocked, id=17112, stack(0x000000b995700000,0x000000b995800000)]
  0x0000023a2fd0a1e0 JavaThread "AWT-Shutdown" [_thread_blocked, id=34232, stack(0x000000b995800000,0x000000b995900000)]
  0x0000023a2fd0a8d0 JavaThread "AWT-Windows" daemon [_thread_in_vm, id=37280, stack(0x000000b995900000,0x000000b995a00000)]
  0x0000023a30895da0 JavaThread "AWT-EventQueue-0" [_thread_blocked, id=12160, stack(0x000000b995a00000,0x000000b995b00000)]
  0x0000023a0ba0df40 JavaThread "DestroyJavaVM" [_thread_blocked, id=33172, stack(0x000000b994500000,0x000000b994600000)]
  0x0000023a309d4f00 JavaThread "TimerQueue" daemon [_thread_blocked, id=30956, stack(0x000000b995e00000,0x000000b995f00000)]

Other Threads:
  0x0000023a2f067c60 VMThread "VM Thread" [stack: 0x000000b994b00000,0x000000b994c00000] [id=37404]
  0x0000023a2fadb970 WatcherThread [stack: 0x000000b995500000,0x000000b995600000] [id=35496]
  0x0000023a0ba5f3e0 GCTaskThread "GC Thread#0" [stack: 0x000000b994600000,0x000000b994700000] [id=10904]
  0x0000023a0ba71ab0 ConcurrentGCThread "G1 Main Marker" [stack: 0x000000b994700000,0x000000b994800000] [id=30612]
  0x0000023a0ba726a0 ConcurrentGCThread "G1 Conc#0" [stack: 0x000000b994800000,0x000000b994900000] [id=1996]
  0x0000023a2eee20c0 ConcurrentGCThread "G1 Refine#0" [stack: 0x000000b994900000,0x000000b994a00000] [id=38252]
  0x0000023a2eee2cc0 ConcurrentGCThread "G1 Young RemSet Sampling" [stack: 0x000000b994a00000,0x000000b994b00000] [id=36488]

Threads with active compile tasks:
C2 CompilerThread0  8178144 1109       4       jdk.internal.org.objectweb.asm.SymbolTable::put (150 bytes)

VM state: not at safepoint (normal execution)

VM Mutex/Monitor currently owned by a thread: None

Heap address: 0x0000000703200000, size: 4046 MB, Compressed Oops mode: Zero based, Oop shift amount: 3
CDS archive(s) mapped at: [0x0000000800000000-0x0000000800b50000-0x0000000800b50000), size 11862016, SharedBaseAddress: 0x0000000800000000, ArchiveRelocationMode: 0.
Compressed class space mapped at: 0x0000000800b50000-0x0000000840b50000, size: 1073741824
Narrow klass base: 0x0000000800000000, Narrow klass shift: 3, Narrow klass range: 0x100000000

GC Precious Log:
 CPUs: 8 total, 8 available
 Memory: 16182M
 Large Page Support: Disabled
 NUMA Support: Disabled
 Compressed Oops: Enabled (Zero based)
 Heap Region Size: 2M
 Heap Min Capacity: 8M
 Heap Initial Capacity: 254M
 Heap Max Capacity: 4046M
 Pre-touch: Disabled
 Parallel Workers: 8
 Concurrent Workers: 2
 Concurrent Refinement Workers: 8
 Periodic GC: Disabled

Heap:
 garbage-first heap   total 260096K, used 6144K [0x0000000703200000, 0x0000000800000000)
  region size 2048K, 4 young (8192K), 0 survivors (0K)
 Metaspace       used 8472K, capacity 8585K, committed 8704K, reserved 1056768K
  class space    used 918K, capacity 957K, committed 1024K, reserved 1048576K

Heap Regions: E=young(eden), S=young(survivor), O=old, HS=humongous(starts), HC=humongous(continues), CS=collection set, F=free, OA=open archive, CA=closed archive, TAMS=top-at-mark-start (previous, next)
|   0|0x0000000703200000, 0x0000000703400000, 0x0000000703400000|100%|HS|  |TAMS 0x0000000703200000, 0x0000000703200000| Complete 
|   1|0x0000000703400000, 0x0000000703400000, 0x0000000703600000|  0%| F|  |TAMS 0x0000000703400000, 0x0000000703400000| Untracked 
|   2|0x0000000703600000, 0x0000000703600000, 0x0000000703800000|  0%| F|  |TAMS 0x0000000703600000, 0x0000000703600000| Untracked 
|   3|0x0000000703800000, 0x0000000703800000, 0x0000000703a00000|  0%| F|  |TAMS 0x0000000703800000, 0x0000000703800000| Untracked 
|   4|0x0000000703a00000, 0x0000000703a00000, 0x0000000703c00000|  0%| F|  |TAMS 0x0000000703a00000, 0x0000000703a00000| Untracked 
|   5|0x0000000703c00000, 0x0000000703c00000, 0x0000000703e00000|  0%| F|  |TAMS 0x0000000703c00000, 0x0000000703c00000| Untracked 
|   6|0x0000000703e00000, 0x0000000703e00000, 0x0000000704000000|  0%| F|  |TAMS 0x0000000703e00000, 0x0000000703e00000| Untracked 
|   7|0x0000000704000000, 0x0000000704000000, 0x0000000704200000|  0%| F|  |TAMS 0x0000000704000000, 0x0000000704000000| Untracked 
|   8|0x0000000704200000, 0x0000000704200000, 0x0000000704400000|  0%| F|  |TAMS 0x0000000704200000, 0x0000000704200000| Untracked 
|   9|0x0000000704400000, 0x0000000704400000, 0x0000000704600000|  0%| F|  |TAMS 0x0000000704400000, 0x0000000704400000| Untracked 
|  10|0x0000000704600000, 0x0000000704600000, 0x0000000704800000|  0%| F|  |TAMS 0x0000000704600000, 0x0000000704600000| Untracked 
|  11|0x0000000704800000, 0x0000000704800000, 0x0000000704a00000|  0%| F|  |TAMS 0x0000000704800000, 0x0000000704800000| Untracked 
|  12|0x0000000704a00000, 0x0000000704a00000, 0x0000000704c00000|  0%| F|  |TAMS 0x0000000704a00000, 0x0000000704a00000| Untracked 
|  13|0x0000000704c00000, 0x0000000704c00000, 0x0000000704e00000|  0%| F|  |TAMS 0x0000000704c00000, 0x0000000704c00000| Untracked 
|  14|0x0000000704e00000, 0x0000000704e00000, 0x0000000705000000|  0%| F|  |TAMS 0x0000000704e00000, 0x0000000704e00000| Untracked 
|  15|0x0000000705000000, 0x0000000705000000, 0x0000000705200000|  0%| F|  |TAMS 0x0000000705000000, 0x0000000705000000| Untracked 
|  16|0x0000000705200000, 0x0000000705200000, 0x0000000705400000|  0%| F|  |TAMS 0x0000000705200000, 0x0000000705200000| Untracked 
|  17|0x0000000705400000, 0x0000000705400000, 0x0000000705600000|  0%| F|  |TAMS 0x0000000705400000, 0x0000000705400000| Untracked 
|  18|0x0000000705600000, 0x0000000705600000, 0x0000000705800000|  0%| F|  |TAMS 0x0000000705600000, 0x0000000705600000| Untracked 
|  19|0x0000000705800000, 0x0000000705800000, 0x0000000705a00000|  0%| F|  |TAMS 0x0000000705800000, 0x0000000705800000| Untracked 
|  20|0x0000000705a00000, 0x0000000705a00000, 0x0000000705c00000|  0%| F|  |TAMS 0x0000000705a00000, 0x0000000705a00000| Untracked 
|  21|0x0000000705c00000, 0x0000000705c00000, 0x0000000705e00000|  0%| F|  |TAMS 0x0000000705c00000, 0x0000000705c00000| Untracked 
|  22|0x0000000705e00000, 0x0000000705e00000, 0x0000000706000000|  0%| F|  |TAMS 0x0000000705e00000, 0x0000000705e00000| Untracked 
|  23|0x0000000706000000, 0x0000000706000000, 0x0000000706200000|  0%| F|  |TAMS 0x0000000706000000, 0x0000000706000000| Untracked 
|  24|0x0000000706200000, 0x0000000706200000, 0x0000000706400000|  0%| F|  |TAMS 0x0000000706200000, 0x0000000706200000| Untracked 
|  25|0x0000000706400000, 0x0000000706400000, 0x0000000706600000|  0%| F|  |TAMS 0x0000000706400000, 0x0000000706400000| Untracked 
|  26|0x0000000706600000, 0x0000000706600000, 0x0000000706800000|  0%| F|  |TAMS 0x0000000706600000, 0x0000000706600000| Untracked 
|  27|0x0000000706800000, 0x0000000706800000, 0x0000000706a00000|  0%| F|  |TAMS 0x0000000706800000, 0x0000000706800000| Untracked 
|  28|0x0000000706a00000, 0x0000000706a00000, 0x0000000706c00000|  0%| F|  |TAMS 0x0000000706a00000, 0x0000000706a00000| Untracked 
|  29|0x0000000706c00000, 0x0000000706c00000, 0x0000000706e00000|  0%| F|  |TAMS 0x0000000706c00000, 0x0000000706c00000| Untracked 
|  30|0x0000000706e00000, 0x0000000706e00000, 0x0000000707000000|  0%| F|  |TAMS 0x0000000706e00000, 0x0000000706e00000| Untracked 
|  31|0x0000000707000000, 0x0000000707000000, 0x0000000707200000|  0%| F|  |TAMS 0x0000000707000000, 0x0000000707000000| Untracked 
|  32|0x0000000707200000, 0x0000000707200000, 0x0000000707400000|  0%| F|  |TAMS 0x0000000707200000, 0x0000000707200000| Untracked 
|  33|0x0000000707400000, 0x0000000707400000, 0x0000000707600000|  0%| F|  |TAMS 0x0000000707400000, 0x0000000707400000| Untracked 
|  34|0x0000000707600000, 0x0000000707600000, 0x0000000707800000|  0%| F|  |TAMS 0x0000000707600000, 0x0000000707600000| Untracked 
|  35|0x0000000707800000, 0x0000000707800000, 0x0000000707a00000|  0%| F|  |TAMS 0x0000000707800000, 0x0000000707800000| Untracked 
|  36|0x0000000707a00000, 0x0000000707a00000, 0x0000000707c00000|  0%| F|  |TAMS 0x0000000707a00000, 0x0000000707a00000| Untracked 
|  37|0x0000000707c00000, 0x0000000707c00000, 0x0000000707e00000|  0%| F|  |TAMS 0x0000000707c00000, 0x0000000707c00000| Untracked 
|  38|0x0000000707e00000, 0x0000000707e00000, 0x0000000708000000|  0%| F|  |TAMS 0x0000000707e00000, 0x0000000707e00000| Untracked 
|  39|0x0000000708000000, 0x0000000708000000, 0x0000000708200000|  0%| F|  |TAMS 0x0000000708000000, 0x0000000708000000| Untracked 
|  40|0x0000000708200000, 0x0000000708200000, 0x0000000708400000|  0%| F|  |TAMS 0x0000000708200000, 0x0000000708200000| Untracked 
|  41|0x0000000708400000, 0x0000000708400000, 0x0000000708600000|  0%| F|  |TAMS 0x0000000708400000, 0x0000000708400000| Untracked 
|  42|0x0000000708600000, 0x0000000708600000, 0x0000000708800000|  0%| F|  |TAMS 0x0000000708600000, 0x0000000708600000| Untracked 
|  43|0x0000000708800000, 0x0000000708800000, 0x0000000708a00000|  0%| F|  |TAMS 0x0000000708800000, 0x0000000708800000| Untracked 
|  44|0x0000000708a00000, 0x0000000708a00000, 0x0000000708c00000|  0%| F|  |TAMS 0x0000000708a00000, 0x0000000708a00000| Untracked 
|  45|0x0000000708c00000, 0x0000000708c00000, 0x0000000708e00000|  0%| F|  |TAMS 0x0000000708c00000, 0x0000000708c00000| Untracked 
|  46|0x0000000708e00000, 0x0000000708e00000, 0x0000000709000000|  0%| F|  |TAMS 0x0000000708e00000, 0x0000000708e00000| Untracked 
|  47|0x0000000709000000, 0x0000000709000000, 0x0000000709200000|  0%| F|  |TAMS 0x0000000709000000, 0x0000000709000000| Untracked 
|  48|0x0000000709200000, 0x0000000709200000, 0x0000000709400000|  0%| F|  |TAMS 0x0000000709200000, 0x0000000709200000| Untracked 
|  49|0x0000000709400000, 0x0000000709400000, 0x0000000709600000|  0%| F|  |TAMS 0x0000000709400000, 0x0000000709400000| Untracked 
|  50|0x0000000709600000, 0x0000000709600000, 0x0000000709800000|  0%| F|  |TAMS 0x0000000709600000, 0x0000000709600000| Untracked 
|  51|0x0000000709800000, 0x0000000709800000, 0x0000000709a00000|  0%| F|  |TAMS 0x0000000709800000, 0x0000000709800000| Untracked 
|  52|0x0000000709a00000, 0x0000000709a00000, 0x0000000709c00000|  0%| F|  |TAMS 0x0000000709a00000, 0x0000000709a00000| Untracked 
|  53|0x0000000709c00000, 0x0000000709c00000, 0x0000000709e00000|  0%| F|  |TAMS 0x0000000709c00000, 0x0000000709c00000| Untracked 
|  54|0x0000000709e00000, 0x0000000709e00000, 0x000000070a000000|  0%| F|  |TAMS 0x0000000709e00000, 0x0000000709e00000| Untracked 
|  55|0x000000070a000000, 0x000000070a000000, 0x000000070a200000|  0%| F|  |TAMS 0x000000070a000000, 0x000000070a000000| Untracked 
|  56|0x000000070a200000, 0x000000070a200000, 0x000000070a400000|  0%| F|  |TAMS 0x000000070a200000, 0x000000070a200000| Untracked 
|  57|0x000000070a400000, 0x000000070a400000, 0x000000070a600000|  0%| F|  |TAMS 0x000000070a400000, 0x000000070a400000| Untracked 
|  58|0x000000070a600000, 0x000000070a600000, 0x000000070a800000|  0%| F|  |TAMS 0x000000070a600000, 0x000000070a600000| Untracked 
|  59|0x000000070a800000, 0x000000070a800000, 0x000000070aa00000|  0%| F|  |TAMS 0x000000070a800000, 0x000000070a800000| Untracked 
|  60|0x000000070aa00000, 0x000000070aa00000, 0x000000070ac00000|  0%| F|  |TAMS 0x000000070aa00000, 0x000000070aa00000| Untracked 
|  61|0x000000070ac00000, 0x000000070ac00000, 0x000000070ae00000|  0%| F|  |TAMS 0x000000070ac00000, 0x000000070ac00000| Untracked 
|  62|0x000000070ae00000, 0x000000070ae00000, 0x000000070b000000|  0%| F|  |TAMS 0x000000070ae00000, 0x000000070ae00000| Untracked 
|  63|0x000000070b000000, 0x000000070b000000, 0x000000070b200000|  0%| F|  |TAMS 0x000000070b000000, 0x000000070b000000| Untracked 
|  64|0x000000070b200000, 0x000000070b200000, 0x000000070b400000|  0%| F|  |TAMS 0x000000070b200000, 0x000000070b200000| Untracked 
|  65|0x000000070b400000, 0x000000070b400000, 0x000000070b600000|  0%| F|  |TAMS 0x000000070b400000, 0x000000070b400000| Untracked 
|  66|0x000000070b600000, 0x000000070b600000, 0x000000070b800000|  0%| F|  |TAMS 0x000000070b600000, 0x000000070b600000| Untracked 
|  67|0x000000070b800000, 0x000000070b800000, 0x000000070ba00000|  0%| F|  |TAMS 0x000000070b800000, 0x000000070b800000| Untracked 
|  68|0x000000070ba00000, 0x000000070ba00000, 0x000000070bc00000|  0%| F|  |TAMS 0x000000070ba00000, 0x000000070ba00000| Untracked 
|  69|0x000000070bc00000, 0x000000070bc00000, 0x000000070be00000|  0%| F|  |TAMS 0x000000070bc00000, 0x000000070bc00000| Untracked 
|  70|0x000000070be00000, 0x000000070be00000, 0x000000070c000000|  0%| F|  |TAMS 0x000000070be00000, 0x000000070be00000| Untracked 
|  71|0x000000070c000000, 0x000000070c000000, 0x000000070c200000|  0%| F|  |TAMS 0x000000070c000000, 0x000000070c000000| Untracked 
|  72|0x000000070c200000, 0x000000070c200000, 0x000000070c400000|  0%| F|  |TAMS 0x000000070c200000, 0x000000070c200000| Untracked 
|  73|0x000000070c400000, 0x000000070c400000, 0x000000070c600000|  0%| F|  |TAMS 0x000000070c400000, 0x000000070c400000| Untracked 
|  74|0x000000070c600000, 0x000000070c600000, 0x000000070c800000|  0%| F|  |TAMS 0x000000070c600000, 0x000000070c600000| Untracked 
|  75|0x000000070c800000, 0x000000070c800000, 0x000000070ca00000|  0%| F|  |TAMS 0x000000070c800000, 0x000000070c800000| Untracked 
|  76|0x000000070ca00000, 0x000000070ca00000, 0x000000070cc00000|  0%| F|  |TAMS 0x000000070ca00000, 0x000000070ca00000| Untracked 
|  77|0x000000070cc00000, 0x000000070cc00000, 0x000000070ce00000|  0%| F|  |TAMS 0x000000070cc00000, 0x000000070cc00000| Untracked 
|  78|0x000000070ce00000, 0x000000070ce00000, 0x000000070d000000|  0%| F|  |TAMS 0x000000070ce00000, 0x000000070ce00000| Untracked 
|  79|0x000000070d000000, 0x000000070d000000, 0x000000070d200000|  0%| F|  |TAMS 0x000000070d000000, 0x000000070d000000| Untracked 
|  80|0x000000070d200000, 0x000000070d200000, 0x000000070d400000|  0%| F|  |TAMS 0x000000070d200000, 0x000000070d200000| Untracked 
|  81|0x000000070d400000, 0x000000070d400000, 0x000000070d600000|  0%| F|  |TAMS 0x000000070d400000, 0x000000070d400000| Untracked 
|  82|0x000000070d600000, 0x000000070d600000, 0x000000070d800000|  0%| F|  |TAMS 0x000000070d600000, 0x000000070d600000| Untracked 
|  83|0x000000070d800000, 0x000000070d800000, 0x000000070da00000|  0%| F|  |TAMS 0x000000070d800000, 0x000000070d800000| Untracked 
|  84|0x000000070da00000, 0x000000070da00000, 0x000000070dc00000|  0%| F|  |TAMS 0x000000070da00000, 0x000000070da00000| Untracked 
|  85|0x000000070dc00000, 0x000000070dc00000, 0x000000070de00000|  0%| F|  |TAMS 0x000000070dc00000, 0x000000070dc00000| Untracked 
|  86|0x000000070de00000, 0x000000070de00000, 0x000000070e000000|  0%| F|  |TAMS 0x000000070de00000, 0x000000070de00000| Untracked 
|  87|0x000000070e000000, 0x000000070e000000, 0x000000070e200000|  0%| F|  |TAMS 0x000000070e000000, 0x000000070e000000| Untracked 
|  88|0x000000070e200000, 0x000000070e200000, 0x000000070e400000|  0%| F|  |TAMS 0x000000070e200000, 0x000000070e200000| Untracked 
|  89|0x000000070e400000, 0x000000070e400000, 0x000000070e600000|  0%| F|  |TAMS 0x000000070e400000, 0x000000070e400000| Untracked 
|  90|0x000000070e600000, 0x000000070e600000, 0x000000070e800000|  0%| F|  |TAMS 0x000000070e600000, 0x000000070e600000| Untracked 
|  91|0x000000070e800000, 0x000000070e800000, 0x000000070ea00000|  0%| F|  |TAMS 0x000000070e800000, 0x000000070e800000| Untracked 
|  92|0x000000070ea00000, 0x000000070ea00000, 0x000000070ec00000|  0%| F|  |TAMS 0x000000070ea00000, 0x000000070ea00000| Untracked 
|  93|0x000000070ec00000, 0x000000070ec00000, 0x000000070ee00000|  0%| F|  |TAMS 0x000000070ec00000, 0x000000070ec00000| Untracked 
|  94|0x000000070ee00000, 0x000000070ee00000, 0x000000070f000000|  0%| F|  |TAMS 0x000000070ee00000, 0x000000070ee00000| Untracked 
|  95|0x000000070f000000, 0x000000070f000000, 0x000000070f200000|  0%| F|  |TAMS 0x000000070f000000, 0x000000070f000000| Untracked 
|  96|0x000000070f200000, 0x000000070f200000, 0x000000070f400000|  0%| F|  |TAMS 0x000000070f200000, 0x000000070f200000| Untracked 
|  97|0x000000070f400000, 0x000000070f400000, 0x000000070f600000|  0%| F|  |TAMS 0x000000070f400000, 0x000000070f400000| Untracked 
|  98|0x000000070f600000, 0x000000070f600000, 0x000000070f800000|  0%| F|  |TAMS 0x000000070f600000, 0x000000070f600000| Untracked 
|  99|0x000000070f800000, 0x000000070f800000, 0x000000070fa00000|  0%| F|  |TAMS 0x000000070f800000, 0x000000070f800000| Untracked 
| 100|0x000000070fa00000, 0x000000070fa00000, 0x000000070fc00000|  0%| F|  |TAMS 0x000000070fa00000, 0x000000070fa00000| Untracked 
| 101|0x000000070fc00000, 0x000000070fc00000, 0x000000070fe00000|  0%| F|  |TAMS 0x000000070fc00000, 0x000000070fc00000| Untracked 
| 102|0x000000070fe00000, 0x000000070fe00000, 0x0000000710000000|  0%| F|  |TAMS 0x000000070fe00000, 0x000000070fe00000| Untracked 
| 103|0x0000000710000000, 0x0000000710000000, 0x0000000710200000|  0%| F|  |TAMS 0x0000000710000000, 0x0000000710000000| Untracked 
| 104|0x0000000710200000, 0x0000000710200000, 0x0000000710400000|  0%| F|  |TAMS 0x0000000710200000, 0x0000000710200000| Untracked 
| 105|0x0000000710400000, 0x0000000710400000, 0x0000000710600000|  0%| F|  |TAMS 0x0000000710400000, 0x0000000710400000| Untracked 
| 106|0x0000000710600000, 0x0000000710600000, 0x0000000710800000|  0%| F|  |TAMS 0x0000000710600000, 0x0000000710600000| Untracked 
| 107|0x0000000710800000, 0x0000000710800000, 0x0000000710a00000|  0%| F|  |TAMS 0x0000000710800000, 0x0000000710800000| Untracked 
| 108|0x0000000710a00000, 0x0000000710a00000, 0x0000000710c00000|  0%| F|  |TAMS 0x0000000710a00000, 0x0000000710a00000| Untracked 
| 109|0x0000000710c00000, 0x0000000710c00000, 0x0000000710e00000|  0%| F|  |TAMS 0x0000000710c00000, 0x0000000710c00000| Untracked 
| 110|0x0000000710e00000, 0x0000000710e00000, 0x0000000711000000|  0%| F|  |TAMS 0x0000000710e00000, 0x0000000710e00000| Untracked 
| 111|0x0000000711000000, 0x0000000711000000, 0x0000000711200000|  0%| F|  |TAMS 0x0000000711000000, 0x0000000711000000| Untracked 
| 112|0x0000000711200000, 0x0000000711200000, 0x0000000711400000|  0%| F|  |TAMS 0x0000000711200000, 0x0000000711200000| Untracked 
| 113|0x0000000711400000, 0x0000000711400000, 0x0000000711600000|  0%| F|  |TAMS 0x0000000711400000, 0x0000000711400000| Untracked 
| 114|0x0000000711600000, 0x0000000711600000, 0x0000000711800000|  0%| F|  |TAMS 0x0000000711600000, 0x0000000711600000| Untracked 
| 115|0x0000000711800000, 0x0000000711800000, 0x0000000711a00000|  0%| F|  |TAMS 0x0000000711800000, 0x0000000711800000| Untracked 
| 116|0x0000000711a00000, 0x0000000711a00000, 0x0000000711c00000|  0%| F|  |TAMS 0x0000000711a00000, 0x0000000711a00000| Untracked 
| 117|0x0000000711c00000, 0x0000000711c00000, 0x0000000711e00000|  0%| F|  |TAMS 0x0000000711c00000, 0x0000000711c00000| Untracked 
| 118|0x0000000711e00000, 0x0000000711e00000, 0x0000000712000000|  0%| F|  |TAMS 0x0000000711e00000, 0x0000000711e00000| Untracked 
| 119|0x0000000712000000, 0x0000000712000000, 0x0000000712200000|  0%| F|  |TAMS 0x0000000712000000, 0x0000000712000000| Untracked 
| 120|0x0000000712200000, 0x0000000712200000, 0x0000000712400000|  0%| F|  |TAMS 0x0000000712200000, 0x0000000712200000| Untracked 
| 121|0x0000000712400000, 0x0000000712400000, 0x0000000712600000|  0%| F|  |TAMS 0x0000000712400000, 0x0000000712400000| Untracked 
| 122|0x0000000712600000, 0x0000000712600000, 0x0000000712800000|  0%| F|  |TAMS 0x0000000712600000, 0x0000000712600000| Untracked 
| 123|0x0000000712800000, 0x00000007129ce098, 0x0000000712a00000| 90%| E|  |TAMS 0x0000000712800000, 0x0000000712800000| Complete 
| 124|0x0000000712a00000, 0x0000000712c00000, 0x0000000712c00000|100%| E|  |TAMS 0x0000000712a00000, 0x0000000712a00000| Complete 
| 125|0x0000000712c00000, 0x0000000712e00000, 0x0000000712e00000|100%| E|CS|TAMS 0x0000000712c00000, 0x0000000712c00000| Complete 
| 126|0x0000000712e00000, 0x0000000713000000, 0x0000000713000000|100%| E|CS|TAMS 0x0000000712e00000, 0x0000000712e00000| Complete 

Card table byte_map: [0x0000023a23780000,0x0000023a23f70000] _byte_map_base: 0x0000023a1ff67000

Marking Bits (Prev, Next): (CMBitMap*) 0x0000023a0ba5fc50, (CMBitMap*) 0x0000023a0ba5fc90
 Prev Bits: [0x0000023a24760000, 0x0000023a28698000)
 Next Bits: [0x0000023a286a0000, 0x0000023a2c5d8000)

Polling page: 0x0000023a09a00000

Metaspace:

Usage:
  Non-class:      7.45 MB capacity,     7.38 MB (>99%) used,    62.95 KB ( <1%) free+waste,    10.81 KB ( <1%) overhead. 
      Class:    957.00 KB capacity,   918.57 KB ( 96%) used,    33.87 KB (  4%) free+waste,     4.56 KB ( <1%) overhead. 
       Both:      8.38 MB capacity,     8.27 MB ( 99%) used,    96.82 KB (  1%) free+waste,    15.38 KB ( <1%) overhead. 

Virtual space:
  Non-class space:        8.00 MB reserved,       7.50 MB ( 94%) committed 
      Class space:        1.00 GB reserved,       1.00 MB ( <1%) committed 
             Both:        1.01 GB reserved,       8.50 MB ( <1%) committed 

Chunk freelists:
   Non-Class:  52.00 KB
       Class:  3.00 KB
        Both:  55.00 KB

MaxMetaspaceSize: 17179869184.00 GB
CompressedClassSpaceSize: 1.00 GB

CodeHeap 'non-profiled nmethods': size=120000Kb used=295Kb max_used=295Kb free=119705Kb
 bounds [0x0000023a1b720000, 0x0000023a1b990000, 0x0000023a22c50000]
CodeHeap 'profiled nmethods': size=120000Kb used=1856Kb max_used=1856Kb free=118144Kb
 bounds [0x0000023a141f0000, 0x0000023a14460000, 0x0000023a1b720000]
CodeHeap 'non-nmethods': size=5760Kb used=1273Kb max_used=1293Kb free=4487Kb
 bounds [0x0000023a13c50000, 0x0000023a13ec0000, 0x0000023a141f0000]
 total_blobs=1667 nmethods=1108 adapters=472
 compilation: enabled
              stopped_count=0, restarted_count=0
 full_count=0

Compilation events (20 events):
Event: 17.862 Thread 0x0000023a2f993950 nmethod 1098 0x0000023a143bc990 code [0x0000023a143bcb20, 0x0000023a143bcc78]
Event: 17.862 Thread 0x0000023a2f993950 1099       1       sun.util.locale.StringTokenIterator::currentEnd (5 bytes)
Event: 17.862 Thread 0x0000023a2f993950 nmethod 1099 0x0000023a1b768d10 code [0x0000023a1b768ea0, 0x0000023a1b768f58]
Event: 17.913 Thread 0x0000023a2f993950 1100       3       java.awt.Color::getAlpha (12 bytes)
Event: 17.913 Thread 0x0000023a2f993950 nmethod 1100 0x0000023a143bcd10 code [0x0000023a143bcea0, 0x0000023a143bd058]
Event: 18.016 Thread 0x0000023a2f992db0 1101       4       java.util.concurrent.locks.ReentrantLock::unlock (10 bytes)
Event: 18.025 Thread 0x0000023a2f992db0 nmethod 1101 0x0000023a1b769010 code [0x0000023a1b7691a0, 0x0000023a1b769388]
Event: 18.026 Thread 0x0000023a2f993950 1102       3       sun.java2d.SunGraphics2D::constrain (216 bytes)
Event: 18.028 Thread 0x0000023a2f993950 nmethod 1102 0x0000023a143bd110 code [0x0000023a143bd3a0, 0x0000023a143bdcf8]
Event: 18.028 Thread 0x0000023a2f993950 1103       3       java.awt.Container::countComponents (10 bytes)
Event: 18.028 Thread 0x0000023a2f993950 nmethod 1103 0x0000023a143be110 code [0x0000023a143be2c0, 0x0000023a143be488]
Event: 18.505 Thread 0x0000023a2f993950 1104       1       sun.awt.windows.WObjectPeer::isDisposed (5 bytes)
Event: 18.505 Thread 0x0000023a2f993950 nmethod 1104 0x0000023a1b769510 code [0x0000023a1b7696a0, 0x0000023a1b769758]
Event: 18.505 Thread 0x0000023a2f993950 1105       3       sun.java2d.SurfaceData::canRenderParallelograms (137 bytes)
Event: 18.506 Thread 0x0000023a2f993950 nmethod 1105 0x0000023a143be590 code [0x0000023a143be7a0, 0x0000023a143bef98]
Event: 18.506 Thread 0x0000023a2f993950 1106       3       sun.java2d.SurfaceData::getTextPipe (120 bytes)
Event: 18.506 Thread 0x0000023a2f993950 nmethod 1106 0x0000023a143bf110 code [0x0000023a143bf2e0, 0x0000023a143bf6c8]
Event: 7621.029 Thread 0x0000023a2f993950 1108       3       java.lang.ref.ReferenceQueue::reallyPoll (65 bytes)
Event: 7621.030 Thread 0x0000023a2f993950 nmethod 1108 0x0000023a143bf810 code [0x0000023a143bf9e0, 0x0000023a143bff18]
Event: 8178.030 Thread 0x0000023a2f992db0 1109       4       jdk.internal.org.objectweb.asm.SymbolTable::put (150 bytes)

GC Heap History (0 events):
No events

Deoptimization events (20 events):
Event: 0.244 Thread 0x0000023a0ba0df40 Uncommon trap: trap_request=0xffffffe5 fr.pc=0x0000023a1b73ab40 relative=0x00000000000001a0
Event: 0.244 Thread 0x0000023a0ba0df40 Uncommon trap: reason=range_check action=reinterpret pc=0x0000023a1b73ab40 method=java.lang.StringLatin1.indexOf([BII)I @ 13 c2
Event: 0.244 Thread 0x0000023a0ba0df40 DEOPT PACKING pc=0x0000023a1b73ab40 sp=0x000000b9945fc8a0
Event: 0.244 Thread 0x0000023a0ba0df40 DEOPT UNPACKING pc=0x0000023a13c9e42f sp=0x000000b9945fc820 mode 2
Event: 6.023 Thread 0x0000023a30895da0 Uncommon trap: trap_request=0xffffffde fr.pc=0x0000023a1b73eb40 relative=0x00000000000001a0
Event: 6.023 Thread 0x0000023a30895da0 Uncommon trap: reason=class_check action=maybe_recompile pc=0x0000023a1b73eb40 method=java.lang.String.equals(Ljava/lang/Object;)Z @ 8 c2
Event: 6.023 Thread 0x0000023a30895da0 DEOPT PACKING pc=0x0000023a1b73eb40 sp=0x000000b995afe1d0
Event: 6.023 Thread 0x0000023a30895da0 DEOPT UNPACKING pc=0x0000023a13c9e42f sp=0x000000b995afe168 mode 2
Event: 6.023 Thread 0x0000023a30895da0 Uncommon trap: trap_request=0xffffffde fr.pc=0x0000023a1b73eb40 relative=0x00000000000001a0
Event: 6.023 Thread 0x0000023a30895da0 Uncommon trap: reason=class_check action=maybe_recompile pc=0x0000023a1b73eb40 method=java.lang.String.equals(Ljava/lang/Object;)Z @ 8 c2
Event: 6.023 Thread 0x0000023a30895da0 DEOPT PACKING pc=0x0000023a1b73eb40 sp=0x000000b995afe1d0
Event: 6.023 Thread 0x0000023a30895da0 DEOPT UNPACKING pc=0x0000023a13c9e42f sp=0x000000b995afe168 mode 2
Event: 6.298 Thread 0x0000023a30895da0 Uncommon trap: trap_request=0xffffffde fr.pc=0x0000023a1b73eb40 relative=0x00000000000001a0
Event: 6.298 Thread 0x0000023a30895da0 Uncommon trap: reason=class_check action=maybe_recompile pc=0x0000023a1b73eb40 method=java.lang.String.equals(Ljava/lang/Object;)Z @ 8 c2
Event: 6.298 Thread 0x0000023a30895da0 DEOPT PACKING pc=0x0000023a1b73eb40 sp=0x000000b995afe180
Event: 6.298 Thread 0x0000023a30895da0 DEOPT UNPACKING pc=0x0000023a13c9e42f sp=0x000000b995afe118 mode 2
Event: 6.298 Thread 0x0000023a30895da0 Uncommon trap: trap_request=0xffffffde fr.pc=0x0000023a1b73eb40 relative=0x00000000000001a0
Event: 6.298 Thread 0x0000023a30895da0 Uncommon trap: reason=class_check action=maybe_recompile pc=0x0000023a1b73eb40 method=java.lang.String.equals(Ljava/lang/Object;)Z @ 8 c2
Event: 6.298 Thread 0x0000023a30895da0 DEOPT PACKING pc=0x0000023a1b73eb40 sp=0x000000b995afe180
Event: 6.298 Thread 0x0000023a30895da0 DEOPT UNPACKING pc=0x0000023a13c9e42f sp=0x000000b995afe118 mode 2

Classes unloaded (0 events):
No events

Classes redefined (0 events):
No events

Internal exceptions (12 events):
Event: 0.049 Thread 0x0000023a0ba0df40 Exception <a 'java/lang/NoSuchMethodError'{0x0000000712f1bb98}: 'void java.lang.invoke.DirectMethodHandle$Holder.invokeSpecial(java.lang.Object, java.lang.Object, java.lang.Object)'> (0x0000000712f1bb98) 
thrown [./open/src/hotspot/share/interpreter/linkResolver.cpp, line 782]
Event: 0.059 Thread 0x0000023a0ba0df40 Exception <a 'java/lang/ClassNotFoundException'{0x0000000712f3b9e8}: sun/awt/resources/spi/awtProvider> (0x0000000712f3b9e8) 
thrown [./open/src/hotspot/share/classfile/systemDictionary.cpp, line 295]
Event: 0.085 Thread 0x0000023a0ba0df40 Exception <a 'java/io/FileNotFoundException'{0x0000000712f97890}> (0x0000000712f97890) 
thrown [./open/src/hotspot/share/prims/jni.cpp, line 578]
Event: 0.091 Thread 0x0000023a0ba0df40 Exception <a 'java/io/FileNotFoundException'{0x0000000712fc6360}> (0x0000000712fc6360) 
thrown [./open/src/hotspot/share/prims/jni.cpp, line 578]
Event: 0.092 Thread 0x0000023a0ba0df40 Exception <a 'java/lang/NoSuchMethodError'{0x0000000712fc7558}: 'java.lang.Object java.lang.invoke.DirectMethodHandle$Holder.invokeStatic(java.lang.Object)'> (0x0000000712fc7558) 
thrown [./open/src/hotspot/share/interpreter/linkResolver.cpp, line 782]
Event: 0.121 Thread 0x0000023a0ba0df40 Exception <a 'java/lang/NoSuchMethodError'{0x0000000712c11560}: 'java.lang.Object java.lang.invoke.DirectMethodHandle$Holder.invokeStaticInit(java.lang.Object)'> (0x0000000712c11560) 
thrown [./open/src/hotspot/share/interpreter/linkResolver.cpp, line 782]
Event: 0.155 Thread 0x0000023a0ba0df40 Exception <a 'java/lang/NoSuchMethodError'{0x0000000712cf3f38}: 'java.lang.Object java.lang.invoke.DirectMethodHandle$Holder.newInvokeSpecial(java.lang.Object, java.lang.Object, java.lang.Object, java.lang.Object, java.lang.Object)'> (0x0000000712cf3f38) 
thrown [./open/src/hotspot/share/interpreter/linkResolver.cpp, line 782]
Event: 0.156 Thread 0x0000023a0ba0df40 Exception <a 'java/lang/NoSuchMethodError'{0x0000000712cff9c8}: 'java.lang.Object java.lang.invoke.DirectMethodHandle$Holder.invokeStatic(java.lang.Object, int, java.lang.Object, java.lang.Object, java.lang.Object, java.lang.Object)'> (0x0000000712cff9c8) 
thrown [./open/src/hotspot/share/interpreter/linkResolver.cpp, line 782]
Event: 0.160 Thread 0x0000023a0ba0df40 Exception <a 'java/lang/NoSuchMethodError'{0x0000000712d25c70}: 'java.lang.Object java.lang.invoke.DirectMethodHandle$Holder.invokeStatic(java.lang.Object, int, java.lang.Object)'> (0x0000000712d25c70) 
thrown [./open/src/hotspot/share/interpreter/linkResolver.cpp, line 782]
Event: 0.179 Thread 0x0000023a0ba0df40 Exception <a 'java/lang/ClassNotFoundException'{0x0000000712dddfb0}: com/sun/swing/internal/plaf/metal/resources/spi/metalProvider> (0x0000000712dddfb0) 
thrown [./open/src/hotspot/share/classfile/systemDictionary.cpp, line 295]
Event: 0.180 Thread 0x0000023a0ba0df40 Exception <a 'java/lang/ClassNotFoundException'{0x0000000712de2230}: com/sun/swing/internal/plaf/basic/resources/spi/basicProvider> (0x0000000712de2230) 
thrown [./open/src/hotspot/share/classfile/systemDictionary.cpp, line 295]
Event: 0.226 Thread 0x0000023a0ba0df40 Exception <a 'java/lang/NoSuchMethodError'{0x0000000712a461f0}: 'void java.lang.invoke.DirectMethodHandle$Holder.invokeStaticInit(java.lang.Object)'> (0x0000000712a461f0) 
thrown [./open/src/hotspot/share/interpreter/linkResolver.cpp, line 782]

Events (20 events):
Event: 6.026 loading class javax/swing/event/UndoableEditEvent done
Event: 6.026 loading class javax/swing/text/AbstractDocument$DefaultDocumentEventUndoableWrapper
Event: 6.026 loading class sun/swing/text/UndoableEditLockSupport
Event: 6.026 loading class sun/swing/text/UndoableEditLockSupport done
Event: 6.026 loading class javax/swing/text/AbstractDocument$DefaultDocumentEventUndoableWrapper done
Event: 6.026 loading class javax/swing/event/UndoableEditListener
Event: 6.026 loading class javax/swing/event/UndoableEditListener done
Event: 6.026 loading class javax/swing/RepaintManager$3
Event: 6.026 loading class javax/swing/RepaintManager$3 done
Event: 6.323 Executing VM operation: HandshakeAllThreads
Event: 6.324 Executing VM operation: HandshakeAllThreads done
Event: 11.381 Executing VM operation: HandshakeAllThreads
Event: 11.381 Executing VM operation: HandshakeAllThreads done
Event: 12.199 loading class javax/swing/text/DefaultHighlighter$LayeredHighlightInfo
Event: 12.199 loading class javax/swing/text/DefaultHighlighter$HighlightInfo
Event: 12.199 loading class javax/swing/text/DefaultHighlighter$HighlightInfo done
Event: 12.199 loading class javax/swing/text/DefaultHighlighter$LayeredHighlightInfo done
Event: 12.382 Executing VM operation: HandshakeAllThreads
Event: 12.382 Executing VM operation: HandshakeAllThreads done
Event: 3300.467 Loaded shared library C:\Program Files\Java\jdk-15.0.1\bin\java.dll


Dynamic libraries:
0x00007ff71b250000 - 0x00007ff71b25f000 	C:\Program Files\Java\jdk-15.0.1\bin\javaw.exe
0x00007fff9ca50000 - 0x00007fff9cc46000 	C:\WINDOWS\SYSTEM32\ntdll.dll
0x00007fff9b2e0000 - 0x00007fff9b39d000 	C:\WINDOWS\System32\KERNEL32.DLL
0x00007fff9a510000 - 0x00007fff9a7d9000 	C:\WINDOWS\System32\KERNELBASE.dll
0x00007fff9a190000 - 0x00007fff9a290000 	C:\WINDOWS\System32\ucrtbase.dll
0x00007fff7b2b0000 - 0x00007fff7b2c9000 	C:\Program Files\Java\jdk-15.0.1\bin\VCRUNTIME140.dll
0x00007fff7b3a0000 - 0x00007fff7b3b8000 	C:\Program Files\Java\jdk-15.0.1\bin\jli.dll
0x00007fff9b420000 - 0x00007fff9b4cc000 	C:\WINDOWS\System32\ADVAPI32.dll
0x00007fff9c050000 - 0x00007fff9c0ee000 	C:\WINDOWS\System32\msvcrt.dll
0x00007fff9ae10000 - 0x00007fff9aeac000 	C:\WINDOWS\System32\sechost.dll
0x00007fff9b1b0000 - 0x00007fff9b2db000 	C:\WINDOWS\System32\RPCRT4.dll
0x00007fff9c6c0000 - 0x00007fff9c860000 	C:\WINDOWS\System32\USER32.dll
0x00007fff9a2f0000 - 0x00007fff9a312000 	C:\WINDOWS\System32\win32u.dll
0x00007fff89560000 - 0x00007fff897fb000 	C:\WINDOWS\WinSxS\amd64_microsoft.windows.common-controls_6595b64144ccf1df_6.0.19041.488_none_ca04af081b815d21\COMCTL32.dll
0x00007fff9b060000 - 0x00007fff9b08a000 	C:\WINDOWS\System32\GDI32.dll
0x00007fff9a320000 - 0x00007fff9a429000 	C:\WINDOWS\System32\gdi32full.dll
0x00007fff9aa10000 - 0x00007fff9aaad000 	C:\WINDOWS\System32\msvcp_win.dll
0x00007fff90590000 - 0x00007fff9059a000 	C:\WINDOWS\SYSTEM32\VERSION.dll
0x00007fff9c690000 - 0x00007fff9c6c0000 	C:\WINDOWS\System32\IMM32.DLL
0x00007fff81cc0000 - 0x00007fff81ccc000 	C:\Program Files\Java\jdk-15.0.1\bin\vcruntime140_1.dll
0x00007fff73bc0000 - 0x00007fff73c51000 	C:\Program Files\Java\jdk-15.0.1\bin\msvcp140.dll
0x00007fff2fa60000 - 0x00007fff305be000 	C:\Program Files\Java\jdk-15.0.1\bin\server\jvm.dll
0x00007fff9b090000 - 0x00007fff9b098000 	C:\WINDOWS\System32\PSAPI.DLL
0x00007fff89120000 - 0x00007fff89129000 	C:\WINDOWS\SYSTEM32\WSOCK32.dll
0x00007fff75e20000 - 0x00007fff75e47000 	C:\WINDOWS\SYSTEM32\WINMM.dll
0x00007fff9b750000 - 0x00007fff9b7bb000 	C:\WINDOWS\System32\WS2_32.dll
0x00007fff98a70000 - 0x00007fff98a82000 	C:\WINDOWS\SYSTEM32\kernel.appcore.dll
0x00007fff88bd0000 - 0x00007fff88bda000 	C:\Program Files\Java\jdk-15.0.1\bin\jimage.dll
0x00007fff98860000 - 0x00007fff98a44000 	C:\WINDOWS\SYSTEM32\DBGHELP.DLL
0x00007fff88fb0000 - 0x00007fff88fdc000 	C:\WINDOWS\SYSTEM32\dbgcore.DLL
0x00007fff9a7e0000 - 0x00007fff9a860000 	C:\WINDOWS\System32\bcryptPrimitives.dll
0x00007fff7ab00000 - 0x00007fff7ab25000 	C:\Program Files\Java\jdk-15.0.1\bin\java.dll
0x00007fff9b8a0000 - 0x00007fff9bfe2000 	C:\WINDOWS\System32\SHELL32.dll
0x00007fff97ff0000 - 0x00007fff98785000 	C:\WINDOWS\SYSTEM32\windows.storage.dll
0x00007fff9aab0000 - 0x00007fff9ae06000 	C:\WINDOWS\System32\combase.dll
0x00007fff99b90000 - 0x00007fff99bbc000 	C:\WINDOWS\SYSTEM32\Wldp.dll
0x00007fff9b100000 - 0x00007fff9b1ae000 	C:\WINDOWS\System32\SHCORE.dll
0x00007fff9bff0000 - 0x00007fff9c045000 	C:\WINDOWS\System32\shlwapi.dll
0x00007fff9a0c0000 - 0x00007fff9a0e6000 	C:\WINDOWS\SYSTEM32\profapi.dll
0x00007fff563a0000 - 0x00007fff56520000 	C:\Program Files\Java\jdk-15.0.1\bin\awt.dll
0x00007fff9b4d0000 - 0x00007fff9b59d000 	C:\WINDOWS\System32\OLEAUT32.dll
0x00007fff97680000 - 0x00007fff97710000 	C:\WINDOWS\SYSTEM32\apphelp.dll
0x00007fff97940000 - 0x00007fff9796f000 	C:\WINDOWS\system32\DWMAPI.DLL
0x00007fff97840000 - 0x00007fff978de000 	C:\WINDOWS\system32\uxtheme.dll
0x00007fff78870000 - 0x00007fff78995000 	C:\WINDOWS\system32\opengl32.dll
0x00007fff7a070000 - 0x00007fff7a09c000 	C:\WINDOWS\SYSTEM32\GLU32.dll
0x00007fff9c100000 - 0x00007fff9c216000 	C:\WINDOWS\System32\MSCTF.dll
0x00007fff9b5a0000 - 0x00007fff9b6ca000 	C:\WINDOWS\System32\ole32.dll
0x00007fff6dbd0000 - 0x00007fff6dc55000 	C:\Program Files\Java\jdk-15.0.1\bin\freetype.dll
0x00007fff6d310000 - 0x00007fff6d3b9000 	C:\Program Files\Java\jdk-15.0.1\bin\fontmanager.dll
0x00007fff9c8c0000 - 0x00007fff9c969000 	C:\WINDOWS\System32\clbcatq.dll
0x00007fff91e70000 - 0x00007fff92024000 	C:\WINDOWS\SYSTEM32\WindowsCodecs.dll
0x00007fff9a430000 - 0x00007fff9a457000 	C:\WINDOWS\System32\bcrypt.dll
0x00007fff69a50000 - 0x00007fff69a8e000 	C:\WINDOWS\system32\dataexchange.dll
0x00007fff95e00000 - 0x00007fff96064000 	C:\WINDOWS\system32\d3d11.dll
0x00007fff96a90000 - 0x00007fff96c77000 	C:\WINDOWS\system32\dcomp.dll
0x00007fff98ae0000 - 0x00007fff98bd3000 	C:\WINDOWS\system32\dxgi.dll
0x00007fff91bb0000 - 0x00007fff91db8000 	C:\WINDOWS\system32\twinapi.appcore.dll
0x00007fff78420000 - 0x00007fff7851d000 	C:\WINDOWS\SYSTEM32\textinputframework.dll
0x00007fff96c80000 - 0x00007fff96fde000 	C:\WINDOWS\System32\CoreUIComponents.dll
0x00007fff97440000 - 0x00007fff97532000 	C:\WINDOWS\System32\CoreMessaging.dll
0x00007fff98ed0000 - 0x00007fff98f03000 	C:\WINDOWS\SYSTEM32\ntmarta.dll
0x00007fff95ca0000 - 0x00007fff95df6000 	C:\WINDOWS\SYSTEM32\wintypes.dll
0x00007fff84ee0000 - 0x00007fff84ef9000 	C:\Program Files\Java\jdk-15.0.1\bin\net.dll
0x00007fff91770000 - 0x00007fff91870000 	C:\WINDOWS\SYSTEM32\WINHTTP.dll
0x00007fff99910000 - 0x00007fff9997a000 	C:\WINDOWS\system32\mswsock.dll
0x00007fff81e10000 - 0x00007fff81e22000 	C:\Program Files\Java\jdk-15.0.1\bin\nio.dll

dbghelp: loaded successfully - version: 4.0.5 - missing functions: none
symbol engine: initialized successfully - sym options: 0x614 - pdb path: .;C:\Program Files\Java\jdk-15.0.1\bin;C:\WINDOWS\SYSTEM32;C:\WINDOWS\WinSxS\amd64_microsoft.windows.common-controls_6595b64144ccf1df_6.0.19041.488_none_ca04af081b815d21;C:\Program Files\Java\jdk-15.0.1\bin\server

VM Arguments:
jvm_args: -Dfile.encoding=Cp1252 -XX:+ShowCodeDetailsInExceptionMessages 
java_command: ATM
java_class_path (initial): C:\Users\Enis\Desktop\coding\JAVA-PROJ\ATM\bin
Launcher Type: SUN_STANDARD

[Global flags]
     intx CICompilerCount                          = 4                                         {product} {ergonomic}
     uint ConcGCThreads                            = 2                                         {product} {ergonomic}
     uint G1ConcRefinementThreads                  = 8                                         {product} {ergonomic}
   size_t G1HeapRegionSize                         = 2097152                                   {product} {ergonomic}
    uintx GCDrainStackTargetSize                   = 64                                        {product} {ergonomic}
   size_t InitialHeapSize                          = 266338304                                 {product} {ergonomic}
   size_t MarkStackSize                            = 4194304                                   {product} {ergonomic}
   size_t MaxHeapSize                              = 4242538496                                {product} {ergonomic}
   size_t MaxNewSize                               = 2543845376                                {product} {ergonomic}
   size_t MinHeapDeltaBytes                        = 2097152                                   {product} {ergonomic}
   size_t MinHeapSize                              = 8388608                                   {product} {ergonomic}
    uintx NonNMethodCodeHeapSize                   = 5839372                                {pd product} {ergonomic}
    uintx NonProfiledCodeHeapSize                  = 122909434                              {pd product} {ergonomic}
    uintx ProfiledCodeHeapSize                     = 122909434                              {pd product} {ergonomic}
    uintx ReservedCodeCacheSize                    = 251658240                              {pd product} {ergonomic}
     bool SegmentedCodeCache                       = true                                      {product} {ergonomic}
     bool ShowCodeDetailsInExceptionMessages       = true                                   {manageable} {command line}
   size_t SoftMaxHeapSize                          = 4242538496                             {manageable} {ergonomic}
     bool UseCompressedClassPointers               = true                                 {lp64_product} {ergonomic}
     bool UseCompressedOops                        = true                                 {lp64_product} {ergonomic}
     bool UseG1GC                                  = true                                      {product} {ergonomic}
     bool UseLargePagesIndividualAllocation        = false                                  {pd product} {ergonomic}

Logging:
Log output configuration:
 #0: stdout all=warning uptime,level,tags
 #1: stderr all=off uptime,level,tags

Environment Variables:
PATH=C:/Program Files/Java/jdk-15.0.1/bin/server;C:/Program Files/Java/jdk-15.0.1/bin;C:\Program Files\Common Files\Oracle\Java\javapath;C:\WINDOWS\system32;C:\WINDOWS;C:\WINDOWS\System32\Wbem;C:\WINDOWS\System32\WindowsPowerShell\v1.0\;C:\WINDOWS\System32\OpenSSH\;C:\Program Files\Git\cmd;C:\Users\Enis\AppData\Local\Programs\Python\Python39\Scripts\;C:\Users\Enis\AppData\Local\Programs\Python\Python39\;C:\Users\Enis\AppData\Local\Microsoft\WindowsApps;C:\Users\Enis\AppData\Local\Programs\Microsoft VS Code\bin;C:\Users\Enis\AppData\Local\GitHubDesktop\bin;C:\Users\Enis\AppData\Local\Microsoft\WindowsApps;C:\Users\Enis\AppData\Local\atom\bin;C:\WINDOWS\system32;
USERNAME=Enis
OS=Windows_NT
PROCESSOR_IDENTIFIER=Intel64 Family 6 Model 142 Stepping 12, GenuineIntel



---------------  S Y S T E M  ---------------

OS:
 Windows 10 , 64 bit Build 19041 (10.0.19041.662)
OS uptime: 13 days 9:55 hours

CPU: total 8 (initial active 8) (4 cores per cpu, 2 threads per core) family 6 model 142 stepping 12 microcode 0xbe, cmov, cx8, fxsr, mmx, sse, sse2, sse3, ssse3, sse4.1, sse4.2, popcnt, vzeroupper, avx, avx2, aes, clmul, erms, 3dnowpref, lzcnt, ht, tsc, tscinvbit, bmi1, bmi2, adx, fma, clflush, clflushopt

Memory: 4k page, system-wide physical 16182M (6142M free)
TotalPageFile size 64614M (AvailPageFile size 0M)
current process WorkingSet (physical memory assigned to process): 59M, peak: 63M
current process commit charge ("private bytes"): 354M, peak: 359M

vm_info: Java HotSpot(TM) 64-Bit Server VM (15.0.1+9-18) for windows-amd64 JRE (15.0.1+9-18), built on Sep 15 2020 14:43:54 by "mach5one" with unknown MS VC++:1925

END.
