#
# There is insufficient memory for the Java Runtime Environment to continue.
# Native memory allocation (malloc) failed to allocate 32744 bytes for ChunkPool::allocate
# Possible reasons:
#   The system is out of physical RAM or swap space
#   The process is running with CompressedOops enabled, and the Java Heap may be blocking the growth of the native heap
# Possible solutions:
#   Reduce memory load on the system
#   Increase physical memory or swap space
#   Check if swap backing store is full
#   Decrease Java heap size (-Xmx/-Xms)
#   Decrease number of Java threads
#   Decrease Java thread stack sizes (-Xss)
#   Set larger code cache with -XX:ReservedCodeCacheSize=
#   JVM is running with Zero Based Compressed Oops mode in which the Java heap is
#     placed in the first 32GB address space. The Java Heap base address is the
#     maximum limit for the native heap growth. Please use -XX:HeapBaseMinAddress
#     to set the Java Heap base and to place the Java Heap above 32GB virtual address.
# This output file may be truncated or incomplete.
#
#  Out of Memory Error (./open/src/hotspot/share/memory/arena.cpp:79), pid=36644, tid=34340
#
# JRE version: Java(TM) SE Runtime Environment (15.0.1+9) (build 15.0.1+9-18)
# Java VM: Java HotSpot(TM) 64-Bit Server VM (15.0.1+9-18, mixed mode, sharing, tiered, compressed oops, g1 gc, windows-amd64)
# No core dump will be written. Minidumps are not enabled by default on client versions of Windows
#

---------------  S U M M A R Y ------------

Command Line: -Dfile.encoding=Cp1252 -XX:+ShowCodeDetailsInExceptionMessages ATM

Host: Intel(R) Core(TM) i7-10510U CPU @ 1.80GHz, 8 cores, 15G,  Windows 10 , 64 bit Build 19041 (10.0.19041.662)
Time: Thu Jan 21 21:55:42 2021 Central Europe Standard Time elapsed time: 15151.427023 seconds (0d 4h 12m 31s)

---------------  T H R E A D  ---------------

Current thread (0x0000023f6b492db0):  JavaThread "C2 CompilerThread0" daemon [_thread_in_native, id=34340, stack(0x0000005577800000,0x0000005577900000)]


Current CompileTask:
C2:15151427  891       4       jdk.internal.org.objectweb.asm.SymbolTable::put (150 bytes)

Stack: [0x0000005577800000,0x0000005577900000]
Native frames: (J=compiled Java code, j=interpreted, Vv=VM code, C=native code)
V  [jvm.dll+0x62ae9a]
V  [jvm.dll+0x781389]
V  [jvm.dll+0x782ae3]
V  [jvm.dll+0x783143]
V  [jvm.dll+0x216265]
V  [jvm.dll+0x9828f]
V  [jvm.dll+0x9806d]
V  [jvm.dll+0x60b0e8]
V  [jvm.dll+0x17d010]
V  [jvm.dll+0x20b2ca]
V  [jvm.dll+0x6530e2]
V  [jvm.dll+0x65136e]
V  [jvm.dll+0x3139d9]
V  [jvm.dll+0x308f7a]
V  [jvm.dll+0x310244]
V  [jvm.dll+0x17c6d0]
V  [jvm.dll+0x646392]
V  [jvm.dll+0x64156c]
V  [jvm.dll+0x63b16b]
V  [jvm.dll+0x63a797]
V  [jvm.dll+0x6385e5]
V  [jvm.dll+0x17b02c]
V  [jvm.dll+0x1e94c6]
V  [jvm.dll+0x1784c7]
V  [jvm.dll+0x1f9165]
V  [jvm.dll+0x1f720c]
V  [jvm.dll+0x74485d]
V  [jvm.dll+0x73d65a]
V  [jvm.dll+0x629c56]
C  [ucrtbase.dll+0x214c2]
C  [KERNEL32.DLL+0x17034]
C  [ntdll.dll+0x4d0d1]


---------------  P R O C E S S  ---------------

Threads class SMR info:
_java_thread_list=0x0000023f6c3c5430, length=16, elements={
0x0000023f6ab68230, 0x0000023f6ab695a0, 0x0000023f6b4835f0, 0x0000023f6b488860,
0x0000023f6b489310, 0x0000023f6b492db0, 0x0000023f6b495860, 0x0000023f6b4a6a10,
0x0000023f6b5b5cd0, 0x0000023f6b5bd1d0, 0x0000023f6b8143a0, 0x0000023f6b814870,
0x0000023f6b7e21f0, 0x0000023f6c30ded0, 0x0000023f474fd6f0, 0x0000023f6c496b50
}

Java Threads: ( => current thread )
  0x0000023f6ab68230 JavaThread "Reference Handler" daemon [_thread_blocked, id=24300, stack(0x0000005577300000,0x0000005577400000)]
  0x0000023f6ab695a0 JavaThread "Finalizer" daemon [_thread_blocked, id=35964, stack(0x0000005577400000,0x0000005577500000)]
  0x0000023f6b4835f0 JavaThread "Signal Dispatcher" daemon [_thread_blocked, id=24540, stack(0x0000005577500000,0x0000005577600000)]
  0x0000023f6b488860 JavaThread "Attach Listener" daemon [_thread_blocked, id=33336, stack(0x0000005577600000,0x0000005577700000)]
  0x0000023f6b489310 JavaThread "Service Thread" daemon [_thread_blocked, id=4820, stack(0x0000005577700000,0x0000005577800000)]
=>0x0000023f6b492db0 JavaThread "C2 CompilerThread0" daemon [_thread_in_native, id=34340, stack(0x0000005577800000,0x0000005577900000)]
  0x0000023f6b495860 JavaThread "C1 CompilerThread0" daemon [_thread_blocked, id=32960, stack(0x0000005577900000,0x0000005577a00000)]
  0x0000023f6b4a6a10 JavaThread "Sweeper thread" daemon [_thread_blocked, id=34996, stack(0x0000005577a00000,0x0000005577b00000)]
  0x0000023f6b5b5cd0 JavaThread "Notification Thread" daemon [_thread_blocked, id=31616, stack(0x0000005577b00000,0x0000005577c00000)]
  0x0000023f6b5bd1d0 JavaThread "Common-Cleaner" daemon [_thread_blocked, id=33388, stack(0x0000005577d00000,0x0000005577e00000)]
  0x0000023f6b8143a0 JavaThread "Java2D Disposer" daemon [_thread_blocked, id=25744, stack(0x0000005577e00000,0x0000005577f00000)]
  0x0000023f6b814870 JavaThread "AWT-Shutdown" [_thread_blocked, id=21128, stack(0x0000005577f00000,0x0000005578000000)]
  0x0000023f6b7e21f0 JavaThread "AWT-Windows" daemon [_thread_in_native, id=33140, stack(0x0000005578000000,0x0000005578100000)]
  0x0000023f6c30ded0 JavaThread "AWT-EventQueue-0" [_thread_in_native, id=36684, stack(0x0000005578100000,0x0000005578200000)]
  0x0000023f474fd6f0 JavaThread "DestroyJavaVM" [_thread_blocked, id=35444, stack(0x0000005576c00000,0x0000005576d00000)]
  0x0000023f6c496b50 JavaThread "TimerQueue" daemon [_thread_blocked, id=35768, stack(0x0000005578500000,0x0000005578600000)]

Other Threads:
  0x0000023f6ab64200 VMThread "VM Thread" [stack: 0x0000005577200000,0x0000005577300000] [id=9400]
  0x0000023f6b5c6a70 WatcherThread [stack: 0x0000005577c00000,0x0000005577d00000] [id=32448]
  0x0000023f4754eb90 GCTaskThread "GC Thread#0" [stack: 0x0000005576d00000,0x0000005576e00000] [id=32716]
  0x0000023f47561260 ConcurrentGCThread "G1 Main Marker" [stack: 0x0000005576e00000,0x0000005576f00000] [id=34044]
  0x0000023f47561e50 ConcurrentGCThread "G1 Conc#0" [stack: 0x0000005576f00000,0x0000005577000000] [id=14740]
  0x0000023f6a9e24c0 ConcurrentGCThread "G1 Refine#0" [stack: 0x0000005577000000,0x0000005577100000] [id=32844]
  0x0000023f6a9e30c0 ConcurrentGCThread "G1 Young RemSet Sampling" [stack: 0x0000005577100000,0x0000005577200000] [id=33540]

Threads with active compile tasks:
C2 CompilerThread0  15151455  891       4       jdk.internal.org.objectweb.asm.SymbolTable::put (150 bytes)

VM state: not at safepoint (normal execution)

VM Mutex/Monitor currently owned by a thread: None

Heap address: 0x0000000703200000, size: 4046 MB, Compressed Oops mode: Zero based, Oop shift amount: 3
CDS archive(s) mapped at: [0x0000000800000000-0x0000000800b50000-0x0000000800b50000), size 11862016, SharedBaseAddress: 0x0000000800000000, ArchiveRelocationMode: 0.
Compressed class space mapped at: 0x0000000800b50000-0x0000000840b50000, size: 1073741824
Narrow klass base: 0x0000000800000000, Narrow klass shift: 3, Narrow klass range: 0x100000000

GC Precious Log:
 CPUs: 8 total, 8 available
 Memory: 16182M
 Large Page Support: Disabled
 NUMA Support: Disabled
 Compressed Oops: Enabled (Zero based)
 Heap Region Size: 2M
 Heap Min Capacity: 8M
 Heap Initial Capacity: 254M
 Heap Max Capacity: 4046M
 Pre-touch: Disabled
 Parallel Workers: 8
 Concurrent Workers: 2
 Concurrent Refinement Workers: 8
 Periodic GC: Disabled

Heap:
 garbage-first heap   total 260096K, used 10240K [0x0000000703200000, 0x0000000800000000)
  region size 2048K, 5 young (10240K), 0 survivors (0K)
 Metaspace       used 8039K, capacity 8164K, committed 8448K, reserved 1056768K
  class space    used 881K, capacity 926K, committed 1024K, reserved 1048576K

Heap Regions: E=young(eden), S=young(survivor), O=old, HS=humongous(starts), HC=humongous(continues), CS=collection set, F=free, OA=open archive, CA=closed archive, TAMS=top-at-mark-start (previous, next)
|   0|0x0000000703200000, 0x0000000703400000, 0x0000000703400000|100%|HS|  |TAMS 0x0000000703200000, 0x0000000703200000| Complete 
|   1|0x0000000703400000, 0x0000000703600000, 0x0000000703600000|100%|HS|  |TAMS 0x0000000703400000, 0x0000000703400000| Complete 
|   2|0x0000000703600000, 0x0000000703600000, 0x0000000703800000|  0%| F|  |TAMS 0x0000000703600000, 0x0000000703600000| Untracked 
|   3|0x0000000703800000, 0x0000000703800000, 0x0000000703a00000|  0%| F|  |TAMS 0x0000000703800000, 0x0000000703800000| Untracked 
|   4|0x0000000703a00000, 0x0000000703a00000, 0x0000000703c00000|  0%| F|  |TAMS 0x0000000703a00000, 0x0000000703a00000| Untracked 
|   5|0x0000000703c00000, 0x0000000703c00000, 0x0000000703e00000|  0%| F|  |TAMS 0x0000000703c00000, 0x0000000703c00000| Untracked 
|   6|0x0000000703e00000, 0x0000000703e00000, 0x0000000704000000|  0%| F|  |TAMS 0x0000000703e00000, 0x0000000703e00000| Untracked 
|   7|0x0000000704000000, 0x0000000704000000, 0x0000000704200000|  0%| F|  |TAMS 0x0000000704000000, 0x0000000704000000| Untracked 
|   8|0x0000000704200000, 0x0000000704200000, 0x0000000704400000|  0%| F|  |TAMS 0x0000000704200000, 0x0000000704200000| Untracked 
|   9|0x0000000704400000, 0x0000000704400000, 0x0000000704600000|  0%| F|  |TAMS 0x0000000704400000, 0x0000000704400000| Untracked 
|  10|0x0000000704600000, 0x0000000704600000, 0x0000000704800000|  0%| F|  |TAMS 0x0000000704600000, 0x0000000704600000| Untracked 
|  11|0x0000000704800000, 0x0000000704800000, 0x0000000704a00000|  0%| F|  |TAMS 0x0000000704800000, 0x0000000704800000| Untracked 
|  12|0x0000000704a00000, 0x0000000704a00000, 0x0000000704c00000|  0%| F|  |TAMS 0x0000000704a00000, 0x0000000704a00000| Untracked 
|  13|0x0000000704c00000, 0x0000000704c00000, 0x0000000704e00000|  0%| F|  |TAMS 0x0000000704c00000, 0x0000000704c00000| Untracked 
|  14|0x0000000704e00000, 0x0000000704e00000, 0x0000000705000000|  0%| F|  |TAMS 0x0000000704e00000, 0x0000000704e00000| Untracked 
|  15|0x0000000705000000, 0x0000000705000000, 0x0000000705200000|  0%| F|  |TAMS 0x0000000705000000, 0x0000000705000000| Untracked 
|  16|0x0000000705200000, 0x0000000705200000, 0x0000000705400000|  0%| F|  |TAMS 0x0000000705200000, 0x0000000705200000| Untracked 
|  17|0x0000000705400000, 0x0000000705400000, 0x0000000705600000|  0%| F|  |TAMS 0x0000000705400000, 0x0000000705400000| Untracked 
|  18|0x0000000705600000, 0x0000000705600000, 0x0000000705800000|  0%| F|  |TAMS 0x0000000705600000, 0x0000000705600000| Untracked 
|  19|0x0000000705800000, 0x0000000705800000, 0x0000000705a00000|  0%| F|  |TAMS 0x0000000705800000, 0x0000000705800000| Untracked 
|  20|0x0000000705a00000, 0x0000000705a00000, 0x0000000705c00000|  0%| F|  |TAMS 0x0000000705a00000, 0x0000000705a00000| Untracked 
|  21|0x0000000705c00000, 0x0000000705c00000, 0x0000000705e00000|  0%| F|  |TAMS 0x0000000705c00000, 0x0000000705c00000| Untracked 
|  22|0x0000000705e00000, 0x0000000705e00000, 0x0000000706000000|  0%| F|  |TAMS 0x0000000705e00000, 0x0000000705e00000| Untracked 
|  23|0x0000000706000000, 0x0000000706000000, 0x0000000706200000|  0%| F|  |TAMS 0x0000000706000000, 0x0000000706000000| Untracked 
|  24|0x0000000706200000, 0x0000000706200000, 0x0000000706400000|  0%| F|  |TAMS 0x0000000706200000, 0x0000000706200000| Untracked 
|  25|0x0000000706400000, 0x0000000706400000, 0x0000000706600000|  0%| F|  |TAMS 0x0000000706400000, 0x0000000706400000| Untracked 
|  26|0x0000000706600000, 0x0000000706600000, 0x0000000706800000|  0%| F|  |TAMS 0x0000000706600000, 0x0000000706600000| Untracked 
|  27|0x0000000706800000, 0x0000000706800000, 0x0000000706a00000|  0%| F|  |TAMS 0x0000000706800000, 0x0000000706800000| Untracked 
|  28|0x0000000706a00000, 0x0000000706a00000, 0x0000000706c00000|  0%| F|  |TAMS 0x0000000706a00000, 0x0000000706a00000| Untracked 
|  29|0x0000000706c00000, 0x0000000706c00000, 0x0000000706e00000|  0%| F|  |TAMS 0x0000000706c00000, 0x0000000706c00000| Untracked 
|  30|0x0000000706e00000, 0x0000000706e00000, 0x0000000707000000|  0%| F|  |TAMS 0x0000000706e00000, 0x0000000706e00000| Untracked 
|  31|0x0000000707000000, 0x0000000707000000, 0x0000000707200000|  0%| F|  |TAMS 0x0000000707000000, 0x0000000707000000| Untracked 
|  32|0x0000000707200000, 0x0000000707200000, 0x0000000707400000|  0%| F|  |TAMS 0x0000000707200000, 0x0000000707200000| Untracked 
|  33|0x0000000707400000, 0x0000000707400000, 0x0000000707600000|  0%| F|  |TAMS 0x0000000707400000, 0x0000000707400000| Untracked 
|  34|0x0000000707600000, 0x0000000707600000, 0x0000000707800000|  0%| F|  |TAMS 0x0000000707600000, 0x0000000707600000| Untracked 
|  35|0x0000000707800000, 0x0000000707800000, 0x0000000707a00000|  0%| F|  |TAMS 0x0000000707800000, 0x0000000707800000| Untracked 
|  36|0x0000000707a00000, 0x0000000707a00000, 0x0000000707c00000|  0%| F|  |TAMS 0x0000000707a00000, 0x0000000707a00000| Untracked 
|  37|0x0000000707c00000, 0x0000000707c00000, 0x0000000707e00000|  0%| F|  |TAMS 0x0000000707c00000, 0x0000000707c00000| Untracked 
|  38|0x0000000707e00000, 0x0000000707e00000, 0x0000000708000000|  0%| F|  |TAMS 0x0000000707e00000, 0x0000000707e00000| Untracked 
|  39|0x0000000708000000, 0x0000000708000000, 0x0000000708200000|  0%| F|  |TAMS 0x0000000708000000, 0x0000000708000000| Untracked 
|  40|0x0000000708200000, 0x0000000708200000, 0x0000000708400000|  0%| F|  |TAMS 0x0000000708200000, 0x0000000708200000| Untracked 
|  41|0x0000000708400000, 0x0000000708400000, 0x0000000708600000|  0%| F|  |TAMS 0x0000000708400000, 0x0000000708400000| Untracked 
|  42|0x0000000708600000, 0x0000000708600000, 0x0000000708800000|  0%| F|  |TAMS 0x0000000708600000, 0x0000000708600000| Untracked 
|  43|0x0000000708800000, 0x0000000708800000, 0x0000000708a00000|  0%| F|  |TAMS 0x0000000708800000, 0x0000000708800000| Untracked 
|  44|0x0000000708a00000, 0x0000000708a00000, 0x0000000708c00000|  0%| F|  |TAMS 0x0000000708a00000, 0x0000000708a00000| Untracked 
|  45|0x0000000708c00000, 0x0000000708c00000, 0x0000000708e00000|  0%| F|  |TAMS 0x0000000708c00000, 0x0000000708c00000| Untracked 
|  46|0x0000000708e00000, 0x0000000708e00000, 0x0000000709000000|  0%| F|  |TAMS 0x0000000708e00000, 0x0000000708e00000| Untracked 
|  47|0x0000000709000000, 0x0000000709000000, 0x0000000709200000|  0%| F|  |TAMS 0x0000000709000000, 0x0000000709000000| Untracked 
|  48|0x0000000709200000, 0x0000000709200000, 0x0000000709400000|  0%| F|  |TAMS 0x0000000709200000, 0x0000000709200000| Untracked 
|  49|0x0000000709400000, 0x0000000709400000, 0x0000000709600000|  0%| F|  |TAMS 0x0000000709400000, 0x0000000709400000| Untracked 
|  50|0x0000000709600000, 0x0000000709600000, 0x0000000709800000|  0%| F|  |TAMS 0x0000000709600000, 0x0000000709600000| Untracked 
|  51|0x0000000709800000, 0x0000000709800000, 0x0000000709a00000|  0%| F|  |TAMS 0x0000000709800000, 0x0000000709800000| Untracked 
|  52|0x0000000709a00000, 0x0000000709a00000, 0x0000000709c00000|  0%| F|  |TAMS 0x0000000709a00000, 0x0000000709a00000| Untracked 
|  53|0x0000000709c00000, 0x0000000709c00000, 0x0000000709e00000|  0%| F|  |TAMS 0x0000000709c00000, 0x0000000709c00000| Untracked 
|  54|0x0000000709e00000, 0x0000000709e00000, 0x000000070a000000|  0%| F|  |TAMS 0x0000000709e00000, 0x0000000709e00000| Untracked 
|  55|0x000000070a000000, 0x000000070a000000, 0x000000070a200000|  0%| F|  |TAMS 0x000000070a000000, 0x000000070a000000| Untracked 
|  56|0x000000070a200000, 0x000000070a200000, 0x000000070a400000|  0%| F|  |TAMS 0x000000070a200000, 0x000000070a200000| Untracked 
|  57|0x000000070a400000, 0x000000070a400000, 0x000000070a600000|  0%| F|  |TAMS 0x000000070a400000, 0x000000070a400000| Untracked 
|  58|0x000000070a600000, 0x000000070a600000, 0x000000070a800000|  0%| F|  |TAMS 0x000000070a600000, 0x000000070a600000| Untracked 
|  59|0x000000070a800000, 0x000000070a800000, 0x000000070aa00000|  0%| F|  |TAMS 0x000000070a800000, 0x000000070a800000| Untracked 
|  60|0x000000070aa00000, 0x000000070aa00000, 0x000000070ac00000|  0%| F|  |TAMS 0x000000070aa00000, 0x000000070aa00000| Untracked 
|  61|0x000000070ac00000, 0x000000070ac00000, 0x000000070ae00000|  0%| F|  |TAMS 0x000000070ac00000, 0x000000070ac00000| Untracked 
|  62|0x000000070ae00000, 0x000000070ae00000, 0x000000070b000000|  0%| F|  |TAMS 0x000000070ae00000, 0x000000070ae00000| Untracked 
|  63|0x000000070b000000, 0x000000070b000000, 0x000000070b200000|  0%| F|  |TAMS 0x000000070b000000, 0x000000070b000000| Untracked 
|  64|0x000000070b200000, 0x000000070b200000, 0x000000070b400000|  0%| F|  |TAMS 0x000000070b200000, 0x000000070b200000| Untracked 
|  65|0x000000070b400000, 0x000000070b400000, 0x000000070b600000|  0%| F|  |TAMS 0x000000070b400000, 0x000000070b400000| Untracked 
|  66|0x000000070b600000, 0x000000070b600000, 0x000000070b800000|  0%| F|  |TAMS 0x000000070b600000, 0x000000070b600000| Untracked 
|  67|0x000000070b800000, 0x000000070b800000, 0x000000070ba00000|  0%| F|  |TAMS 0x000000070b800000, 0x000000070b800000| Untracked 
|  68|0x000000070ba00000, 0x000000070ba00000, 0x000000070bc00000|  0%| F|  |TAMS 0x000000070ba00000, 0x000000070ba00000| Untracked 
|  69|0x000000070bc00000, 0x000000070bc00000, 0x000000070be00000|  0%| F|  |TAMS 0x000000070bc00000, 0x000000070bc00000| Untracked 
|  70|0x000000070be00000, 0x000000070be00000, 0x000000070c000000|  0%| F|  |TAMS 0x000000070be00000, 0x000000070be00000| Untracked 
|  71|0x000000070c000000, 0x000000070c000000, 0x000000070c200000|  0%| F|  |TAMS 0x000000070c000000, 0x000000070c000000| Untracked 
|  72|0x000000070c200000, 0x000000070c200000, 0x000000070c400000|  0%| F|  |TAMS 0x000000070c200000, 0x000000070c200000| Untracked 
|  73|0x000000070c400000, 0x000000070c400000, 0x000000070c600000|  0%| F|  |TAMS 0x000000070c400000, 0x000000070c400000| Untracked 
|  74|0x000000070c600000, 0x000000070c600000, 0x000000070c800000|  0%| F|  |TAMS 0x000000070c600000, 0x000000070c600000| Untracked 
|  75|0x000000070c800000, 0x000000070c800000, 0x000000070ca00000|  0%| F|  |TAMS 0x000000070c800000, 0x000000070c800000| Untracked 
|  76|0x000000070ca00000, 0x000000070ca00000, 0x000000070cc00000|  0%| F|  |TAMS 0x000000070ca00000, 0x000000070ca00000| Untracked 
|  77|0x000000070cc00000, 0x000000070cc00000, 0x000000070ce00000|  0%| F|  |TAMS 0x000000070cc00000, 0x000000070cc00000| Untracked 
|  78|0x000000070ce00000, 0x000000070ce00000, 0x000000070d000000|  0%| F|  |TAMS 0x000000070ce00000, 0x000000070ce00000| Untracked 
|  79|0x000000070d000000, 0x000000070d000000, 0x000000070d200000|  0%| F|  |TAMS 0x000000070d000000, 0x000000070d000000| Untracked 
|  80|0x000000070d200000, 0x000000070d200000, 0x000000070d400000|  0%| F|  |TAMS 0x000000070d200000, 0x000000070d200000| Untracked 
|  81|0x000000070d400000, 0x000000070d400000, 0x000000070d600000|  0%| F|  |TAMS 0x000000070d400000, 0x000000070d400000| Untracked 
|  82|0x000000070d600000, 0x000000070d600000, 0x000000070d800000|  0%| F|  |TAMS 0x000000070d600000, 0x000000070d600000| Untracked 
|  83|0x000000070d800000, 0x000000070d800000, 0x000000070da00000|  0%| F|  |TAMS 0x000000070d800000, 0x000000070d800000| Untracked 
|  84|0x000000070da00000, 0x000000070da00000, 0x000000070dc00000|  0%| F|  |TAMS 0x000000070da00000, 0x000000070da00000| Untracked 
|  85|0x000000070dc00000, 0x000000070dc00000, 0x000000070de00000|  0%| F|  |TAMS 0x000000070dc00000, 0x000000070dc00000| Untracked 
|  86|0x000000070de00000, 0x000000070de00000, 0x000000070e000000|  0%| F|  |TAMS 0x000000070de00000, 0x000000070de00000| Untracked 
|  87|0x000000070e000000, 0x000000070e000000, 0x000000070e200000|  0%| F|  |TAMS 0x000000070e000000, 0x000000070e000000| Untracked 
|  88|0x000000070e200000, 0x000000070e200000, 0x000000070e400000|  0%| F|  |TAMS 0x000000070e200000, 0x000000070e200000| Untracked 
|  89|0x000000070e400000, 0x000000070e400000, 0x000000070e600000|  0%| F|  |TAMS 0x000000070e400000, 0x000000070e400000| Untracked 
|  90|0x000000070e600000, 0x000000070e600000, 0x000000070e800000|  0%| F|  |TAMS 0x000000070e600000, 0x000000070e600000| Untracked 
|  91|0x000000070e800000, 0x000000070e800000, 0x000000070ea00000|  0%| F|  |TAMS 0x000000070e800000, 0x000000070e800000| Untracked 
|  92|0x000000070ea00000, 0x000000070ea00000, 0x000000070ec00000|  0%| F|  |TAMS 0x000000070ea00000, 0x000000070ea00000| Untracked 
|  93|0x000000070ec00000, 0x000000070ec00000, 0x000000070ee00000|  0%| F|  |TAMS 0x000000070ec00000, 0x000000070ec00000| Untracked 
|  94|0x000000070ee00000, 0x000000070ee00000, 0x000000070f000000|  0%| F|  |TAMS 0x000000070ee00000, 0x000000070ee00000| Untracked 
|  95|0x000000070f000000, 0x000000070f000000, 0x000000070f200000|  0%| F|  |TAMS 0x000000070f000000, 0x000000070f000000| Untracked 
|  96|0x000000070f200000, 0x000000070f200000, 0x000000070f400000|  0%| F|  |TAMS 0x000000070f200000, 0x000000070f200000| Untracked 
|  97|0x000000070f400000, 0x000000070f400000, 0x000000070f600000|  0%| F|  |TAMS 0x000000070f400000, 0x000000070f400000| Untracked 
|  98|0x000000070f600000, 0x000000070f600000, 0x000000070f800000|  0%| F|  |TAMS 0x000000070f600000, 0x000000070f600000| Untracked 
|  99|0x000000070f800000, 0x000000070f800000, 0x000000070fa00000|  0%| F|  |TAMS 0x000000070f800000, 0x000000070f800000| Untracked 
| 100|0x000000070fa00000, 0x000000070fa00000, 0x000000070fc00000|  0%| F|  |TAMS 0x000000070fa00000, 0x000000070fa00000| Untracked 
| 101|0x000000070fc00000, 0x000000070fc00000, 0x000000070fe00000|  0%| F|  |TAMS 0x000000070fc00000, 0x000000070fc00000| Untracked 
| 102|0x000000070fe00000, 0x000000070fe00000, 0x0000000710000000|  0%| F|  |TAMS 0x000000070fe00000, 0x000000070fe00000| Untracked 
| 103|0x0000000710000000, 0x0000000710000000, 0x0000000710200000|  0%| F|  |TAMS 0x0000000710000000, 0x0000000710000000| Untracked 
| 104|0x0000000710200000, 0x0000000710200000, 0x0000000710400000|  0%| F|  |TAMS 0x0000000710200000, 0x0000000710200000| Untracked 
| 105|0x0000000710400000, 0x0000000710400000, 0x0000000710600000|  0%| F|  |TAMS 0x0000000710400000, 0x0000000710400000| Untracked 
| 106|0x0000000710600000, 0x0000000710600000, 0x0000000710800000|  0%| F|  |TAMS 0x0000000710600000, 0x0000000710600000| Untracked 
| 107|0x0000000710800000, 0x0000000710800000, 0x0000000710a00000|  0%| F|  |TAMS 0x0000000710800000, 0x0000000710800000| Untracked 
| 108|0x0000000710a00000, 0x0000000710a00000, 0x0000000710c00000|  0%| F|  |TAMS 0x0000000710a00000, 0x0000000710a00000| Untracked 
| 109|0x0000000710c00000, 0x0000000710c00000, 0x0000000710e00000|  0%| F|  |TAMS 0x0000000710c00000, 0x0000000710c00000| Untracked 
| 110|0x0000000710e00000, 0x0000000710e00000, 0x0000000711000000|  0%| F|  |TAMS 0x0000000710e00000, 0x0000000710e00000| Untracked 
| 111|0x0000000711000000, 0x0000000711000000, 0x0000000711200000|  0%| F|  |TAMS 0x0000000711000000, 0x0000000711000000| Untracked 
| 112|0x0000000711200000, 0x0000000711200000, 0x0000000711400000|  0%| F|  |TAMS 0x0000000711200000, 0x0000000711200000| Untracked 
| 113|0x0000000711400000, 0x0000000711400000, 0x0000000711600000|  0%| F|  |TAMS 0x0000000711400000, 0x0000000711400000| Untracked 
| 114|0x0000000711600000, 0x0000000711600000, 0x0000000711800000|  0%| F|  |TAMS 0x0000000711600000, 0x0000000711600000| Untracked 
| 115|0x0000000711800000, 0x0000000711800000, 0x0000000711a00000|  0%| F|  |TAMS 0x0000000711800000, 0x0000000711800000| Untracked 
| 116|0x0000000711a00000, 0x0000000711a00000, 0x0000000711c00000|  0%| F|  |TAMS 0x0000000711a00000, 0x0000000711a00000| Untracked 
| 117|0x0000000711c00000, 0x0000000711c00000, 0x0000000711e00000|  0%| F|  |TAMS 0x0000000711c00000, 0x0000000711c00000| Untracked 
| 118|0x0000000711e00000, 0x0000000711e00000, 0x0000000712000000|  0%| F|  |TAMS 0x0000000711e00000, 0x0000000711e00000| Untracked 
| 119|0x0000000712000000, 0x0000000712000000, 0x0000000712200000|  0%| F|  |TAMS 0x0000000712000000, 0x0000000712000000| Untracked 
| 120|0x0000000712200000, 0x0000000712200000, 0x0000000712400000|  0%| F|  |TAMS 0x0000000712200000, 0x0000000712200000| Untracked 
| 121|0x0000000712400000, 0x0000000712400000, 0x0000000712600000|  0%| F|  |TAMS 0x0000000712400000, 0x0000000712400000| Untracked 
| 122|0x0000000712600000, 0x00000007126c1858, 0x0000000712800000| 37%| E|  |TAMS 0x0000000712600000, 0x0000000712600000| Complete 
| 123|0x0000000712800000, 0x000000071295d648, 0x0000000712a00000| 68%| E|  |TAMS 0x0000000712800000, 0x0000000712800000| Complete 
| 124|0x0000000712a00000, 0x0000000712c00000, 0x0000000712c00000|100%| E|CS|TAMS 0x0000000712a00000, 0x0000000712a00000| Complete 
| 125|0x0000000712c00000, 0x0000000712e00000, 0x0000000712e00000|100%| E|CS|TAMS 0x0000000712c00000, 0x0000000712c00000| Complete 
| 126|0x0000000712e00000, 0x0000000713000000, 0x0000000713000000|100%| E|CS|TAMS 0x0000000712e00000, 0x0000000712e00000| Complete 

Card table byte_map: [0x0000023f5f270000,0x0000023f5fa60000] _byte_map_base: 0x0000023f5ba57000

Marking Bits (Prev, Next): (CMBitMap*) 0x0000023f4754f400, (CMBitMap*) 0x0000023f4754f440
 Prev Bits: [0x0000023f60250000, 0x0000023f64188000)
 Next Bits: [0x0000023f64190000, 0x0000023f680c8000)

Polling page: 0x0000023f454c0000

Metaspace:

Usage:
  Non-class:      7.07 MB capacity,     6.99 MB ( 99%) used,    69.38 KB ( <1%) free+waste,    10.44 KB ( <1%) overhead. 
      Class:    926.00 KB capacity,   881.47 KB ( 95%) used,    39.97 KB (  4%) free+waste,     4.56 KB ( <1%) overhead. 
       Both:      7.97 MB capacity,     7.85 MB ( 98%) used,   109.35 KB (  1%) free+waste,    15.00 KB ( <1%) overhead. 

Virtual space:
  Non-class space:        8.00 MB reserved,       7.25 MB ( 91%) committed 
      Class space:        1.00 GB reserved,       1.00 MB ( <1%) committed 
             Both:        1.01 GB reserved,       8.25 MB ( <1%) committed 

Chunk freelists:
   Non-Class:  58.00 KB
       Class:  2.00 KB
        Both:  60.00 KB

MaxMetaspaceSize: 17179869184.00 GB
CompressedClassSpaceSize: 1.00 GB

CodeHeap 'non-profiled nmethods': size=120000Kb used=246Kb max_used=246Kb free=119753Kb
 bounds [0x0000023f57210000, 0x0000023f57480000, 0x0000023f5e740000]
CodeHeap 'profiled nmethods': size=120000Kb used=1519Kb max_used=1519Kb free=118480Kb
 bounds [0x0000023f4fce0000, 0x0000023f4ff50000, 0x0000023f57210000]
CodeHeap 'non-nmethods': size=5760Kb used=1273Kb max_used=1295Kb free=4486Kb
 bounds [0x0000023f4f740000, 0x0000023f4f9b0000, 0x0000023f4fce0000]
 total_blobs=1450 nmethods=891 adapters=472
 compilation: enabled
              stopped_count=0, restarted_count=0
 full_count=0

Compilation events (20 events):
Event: 10.724 Thread 0x0000023f6b492db0 nmethod 879 0x0000023f57248410 code [0x0000023f572485a0, 0x0000023f57248688]
Event: 10.767 Thread 0x0000023f6b492db0  880       4       jdk.internal.misc.Unsafe::weakCompareAndSetInt (11 bytes)
Event: 10.768 Thread 0x0000023f6b492db0 nmethod 880 0x0000023f57248790 code [0x0000023f57248900, 0x0000023f57248978]
Event: 10.815 Thread 0x0000023f6b492db0  881       4       java.util.concurrent.locks.ReentrantLock$Sync::tryRelease (51 bytes)
Event: 10.816 Thread 0x0000023f6b492db0 nmethod 881 0x0000023f57248a90 code [0x0000023f57248c00, 0x0000023f57248d18]
Event: 10.864 Thread 0x0000023f6b492db0  882       4       java.awt.Container::findComponentAtImpl (161 bytes)
Event: 10.887 Thread 0x0000023f6b492db0 nmethod 882 0x0000023f57248e10 code [0x0000023f57249020, 0x0000023f5724a268]
Event: 11.271 Thread 0x0000023f6b492db0  883   !   4       sun.awt.AWTAutoShutdown::setToolkitBusy (124 bytes)
Event: 11.276 Thread 0x0000023f6b492db0 nmethod 883 0x0000023f5724b210 code [0x0000023f5724b3a0, 0x0000023f5724b8b8]
Event: 11.551 Thread 0x0000023f6b492db0  884       4       java.util.concurrent.locks.ReentrantLock$NonfairSync::initialTryLock (58 bytes)
Event: 11.556 Thread 0x0000023f6b492db0 nmethod 884 0x0000023f5724bc10 code [0x0000023f5724bd80, 0x0000023f5724bf38]
Event: 11.617 Thread 0x0000023f6b492db0  885       4       jdk.internal.misc.Unsafe::putReferenceOpaque (9 bytes)
Event: 11.621 Thread 0x0000023f6b492db0 nmethod 885 0x0000023f5724c010 code [0x0000023f5724c180, 0x0000023f5724c2d8]
Event: 12.024 Thread 0x0000023f6b492db0  886       4       java.util.concurrent.locks.ReentrantLock::unlock (10 bytes)
Event: 12.030 Thread 0x0000023f6b492db0 nmethod 886 0x0000023f5724c390 code [0x0000023f5724c520, 0x0000023f5724c708]
Event: 13.191 Thread 0x0000023f6b492db0  887       4       java.security.AccessControlContext::optimize (319 bytes)
Event: 13.196 Thread 0x0000023f6b492db0 nmethod 887 0x0000023f5724c890 code [0x0000023f5724ca40, 0x0000023f5724cd08]
Event: 7623.975 Thread 0x0000023f6b495860  889       3       java.lang.ref.ReferenceQueue::reallyPoll (65 bytes)
Event: 7623.976 Thread 0x0000023f6b495860 nmethod 889 0x0000023f4fe5b790 code [0x0000023f4fe5b960, 0x0000023f4fe5be98]
Event: 15151.304 Thread 0x0000023f6b492db0  891       4       jdk.internal.org.objectweb.asm.SymbolTable::put (150 bytes)

GC Heap History (0 events):
No events

Deoptimization events (8 events):
Event: 0.044 Thread 0x0000023f474fd6f0 Uncommon trap: trap_request=0xffffff45 fr.pc=0x0000023f57213bc8 relative=0x0000000000000228
Event: 0.044 Thread 0x0000023f474fd6f0 Uncommon trap: reason=unstable_if action=reinterpret pc=0x0000023f57213bc8 method=java.lang.String.hashCode()I @ 13 c2
Event: 0.044 Thread 0x0000023f474fd6f0 DEOPT PACKING pc=0x0000023f57213bc8 sp=0x0000005576cfe210
Event: 0.044 Thread 0x0000023f474fd6f0 DEOPT UNPACKING pc=0x0000023f4f78e42f sp=0x0000005576cfe1a0 mode 2
Event: 0.260 Thread 0x0000023f474fd6f0 Uncommon trap: trap_request=0xffffffe5 fr.pc=0x0000023f5722aac0 relative=0x00000000000001a0
Event: 0.260 Thread 0x0000023f474fd6f0 Uncommon trap: reason=range_check action=reinterpret pc=0x0000023f5722aac0 method=java.lang.StringLatin1.indexOf([BII)I @ 13 c2
Event: 0.260 Thread 0x0000023f474fd6f0 DEOPT PACKING pc=0x0000023f5722aac0 sp=0x0000005576cfc950
Event: 0.260 Thread 0x0000023f474fd6f0 DEOPT UNPACKING pc=0x0000023f4f78e42f sp=0x0000005576cfc8d0 mode 2

Classes unloaded (0 events):
No events

Classes redefined (0 events):
No events

Internal exceptions (12 events):
Event: 0.057 Thread 0x0000023f474fd6f0 Exception <a 'java/lang/NoSuchMethodError'{0x0000000712f1b8f0}: 'void java.lang.invoke.DirectMethodHandle$Holder.invokeSpecial(java.lang.Object, java.lang.Object, java.lang.Object)'> (0x0000000712f1b8f0) 
thrown [./open/src/hotspot/share/interpreter/linkResolver.cpp, line 782]
Event: 0.068 Thread 0x0000023f474fd6f0 Exception <a 'java/lang/ClassNotFoundException'{0x0000000712f3b6b8}: sun/awt/resources/spi/awtProvider> (0x0000000712f3b6b8) 
thrown [./open/src/hotspot/share/classfile/systemDictionary.cpp, line 295]
Event: 0.091 Thread 0x0000023f474fd6f0 Exception <a 'java/io/FileNotFoundException'{0x0000000712f97570}> (0x0000000712f97570) 
thrown [./open/src/hotspot/share/prims/jni.cpp, line 578]
Event: 0.099 Thread 0x0000023f474fd6f0 Exception <a 'java/io/FileNotFoundException'{0x0000000712fc6268}> (0x0000000712fc6268) 
thrown [./open/src/hotspot/share/prims/jni.cpp, line 578]
Event: 0.100 Thread 0x0000023f474fd6f0 Exception <a 'java/lang/NoSuchMethodError'{0x0000000712fc7460}: 'java.lang.Object java.lang.invoke.DirectMethodHandle$Holder.invokeStatic(java.lang.Object)'> (0x0000000712fc7460) 
thrown [./open/src/hotspot/share/interpreter/linkResolver.cpp, line 782]
Event: 0.131 Thread 0x0000023f474fd6f0 Exception <a 'java/lang/NoSuchMethodError'{0x0000000712c11560}: 'java.lang.Object java.lang.invoke.DirectMethodHandle$Holder.invokeStaticInit(java.lang.Object)'> (0x0000000712c11560) 
thrown [./open/src/hotspot/share/interpreter/linkResolver.cpp, line 782]
Event: 0.166 Thread 0x0000023f474fd6f0 Exception <a 'java/lang/NoSuchMethodError'{0x0000000712cf4028}: 'java.lang.Object java.lang.invoke.DirectMethodHandle$Holder.newInvokeSpecial(java.lang.Object, java.lang.Object, java.lang.Object, java.lang.Object, java.lang.Object)'> (0x0000000712cf4028) 
thrown [./open/src/hotspot/share/interpreter/linkResolver.cpp, line 782]
Event: 0.167 Thread 0x0000023f474fd6f0 Exception <a 'java/lang/NoSuchMethodError'{0x0000000712cffab8}: 'java.lang.Object java.lang.invoke.DirectMethodHandle$Holder.invokeStatic(java.lang.Object, int, java.lang.Object, java.lang.Object, java.lang.Object, java.lang.Object)'> (0x0000000712cffab8) 
thrown [./open/src/hotspot/share/interpreter/linkResolver.cpp, line 782]
Event: 0.171 Thread 0x0000023f474fd6f0 Exception <a 'java/lang/NoSuchMethodError'{0x0000000712d25d60}: 'java.lang.Object java.lang.invoke.DirectMethodHandle$Holder.invokeStatic(java.lang.Object, int, java.lang.Object)'> (0x0000000712d25d60) 
thrown [./open/src/hotspot/share/interpreter/linkResolver.cpp, line 782]
Event: 0.192 Thread 0x0000023f474fd6f0 Exception <a 'java/lang/ClassNotFoundException'{0x0000000712dddfb0}: com/sun/swing/internal/plaf/metal/resources/spi/metalProvider> (0x0000000712dddfb0) 
thrown [./open/src/hotspot/share/classfile/systemDictionary.cpp, line 295]
Event: 0.193 Thread 0x0000023f474fd6f0 Exception <a 'java/lang/ClassNotFoundException'{0x0000000712de2230}: com/sun/swing/internal/plaf/basic/resources/spi/basicProvider> (0x0000000712de2230) 
thrown [./open/src/hotspot/share/classfile/systemDictionary.cpp, line 295]
Event: 0.242 Thread 0x0000023f474fd6f0 Exception <a 'java/lang/NoSuchMethodError'{0x0000000712a461f0}: 'void java.lang.invoke.DirectMethodHandle$Holder.invokeStaticInit(java.lang.Object)'> (0x0000000712a461f0) 
thrown [./open/src/hotspot/share/interpreter/linkResolver.cpp, line 782]

Events (20 events):
Event: 1.294 Executing VM operation: HandshakeAllThreads
Event: 1.294 Executing VM operation: HandshakeAllThreads done
Event: 1.670 Loaded shared library C:\Program Files\Java\jdk-15.0.1\bin\java.dll
Event: 2.302 Executing VM operation: HandshakeAllThreads
Event: 2.302 Executing VM operation: HandshakeAllThreads done
Event: 4.330 Executing VM operation: HandshakeAllThreads
Event: 4.330 Executing VM operation: HandshakeAllThreads done
Event: 5.341 Executing VM operation: HandshakeAllThreads
Event: 5.341 Executing VM operation: HandshakeAllThreads done
Event: 7.248 loading class java/awt/KeyboardFocusManager$2
Event: 7.248 loading class java/awt/KeyboardFocusManager$2 done
Event: 7.248 loading class sun/awt/SunToolkit$1
Event: 7.248 loading class sun/awt/SunToolkit$1 done
Event: 9.401 Executing VM operation: HandshakeAllThreads
Event: 9.401 Executing VM operation: HandshakeAllThreads done
Event: 11.413 Executing VM operation: HandshakeAllThreads
Event: 11.413 Executing VM operation: HandshakeAllThreads done
Event: 13.428 Executing VM operation: HandshakeAllThreads
Event: 13.428 Executing VM operation: HandshakeAllThreads done
Event: 7083.896 Loaded shared library C:\Program Files\Java\jdk-15.0.1\bin\java.dll


Dynamic libraries:
0x00007ff71b250000 - 0x00007ff71b25f000 	C:\Program Files\Java\jdk-15.0.1\bin\javaw.exe
0x00007fff9ca50000 - 0x00007fff9cc46000 	C:\WINDOWS\SYSTEM32\ntdll.dll
0x00007fff9b2e0000 - 0x00007fff9b39d000 	C:\WINDOWS\System32\KERNEL32.DLL
0x00007fff9a510000 - 0x00007fff9a7d9000 	C:\WINDOWS\System32\KERNELBASE.dll
0x00007fff9a190000 - 0x00007fff9a290000 	C:\WINDOWS\System32\ucrtbase.dll
0x00007fff7b3a0000 - 0x00007fff7b3b8000 	C:\Program Files\Java\jdk-15.0.1\bin\jli.dll
0x00007fff7b2b0000 - 0x00007fff7b2c9000 	C:\Program Files\Java\jdk-15.0.1\bin\VCRUNTIME140.dll
0x00007fff9b420000 - 0x00007fff9b4cc000 	C:\WINDOWS\System32\ADVAPI32.dll
0x00007fff9c050000 - 0x00007fff9c0ee000 	C:\WINDOWS\System32\msvcrt.dll
0x00007fff9ae10000 - 0x00007fff9aeac000 	C:\WINDOWS\System32\sechost.dll
0x00007fff9b1b0000 - 0x00007fff9b2db000 	C:\WINDOWS\System32\RPCRT4.dll
0x00007fff9c6c0000 - 0x00007fff9c860000 	C:\WINDOWS\System32\USER32.dll
0x00007fff9a2f0000 - 0x00007fff9a312000 	C:\WINDOWS\System32\win32u.dll
0x00007fff89560000 - 0x00007fff897fb000 	C:\WINDOWS\WinSxS\amd64_microsoft.windows.common-controls_6595b64144ccf1df_6.0.19041.488_none_ca04af081b815d21\COMCTL32.dll
0x00007fff9b060000 - 0x00007fff9b08a000 	C:\WINDOWS\System32\GDI32.dll
0x00007fff9a320000 - 0x00007fff9a429000 	C:\WINDOWS\System32\gdi32full.dll
0x00007fff9aa10000 - 0x00007fff9aaad000 	C:\WINDOWS\System32\msvcp_win.dll
0x00007fff90590000 - 0x00007fff9059a000 	C:\WINDOWS\SYSTEM32\VERSION.dll
0x00007fff9c690000 - 0x00007fff9c6c0000 	C:\WINDOWS\System32\IMM32.DLL
0x00007fff81cc0000 - 0x00007fff81ccc000 	C:\Program Files\Java\jdk-15.0.1\bin\vcruntime140_1.dll
0x00007fff73bc0000 - 0x00007fff73c51000 	C:\Program Files\Java\jdk-15.0.1\bin\msvcp140.dll
0x00007fff2fa60000 - 0x00007fff305be000 	C:\Program Files\Java\jdk-15.0.1\bin\server\jvm.dll
0x00007fff9b090000 - 0x00007fff9b098000 	C:\WINDOWS\System32\PSAPI.DLL
0x00007fff89120000 - 0x00007fff89129000 	C:\WINDOWS\SYSTEM32\WSOCK32.dll
0x00007fff75e20000 - 0x00007fff75e47000 	C:\WINDOWS\SYSTEM32\WINMM.dll
0x00007fff9b750000 - 0x00007fff9b7bb000 	C:\WINDOWS\System32\WS2_32.dll
0x00007fff98a70000 - 0x00007fff98a82000 	C:\WINDOWS\SYSTEM32\kernel.appcore.dll
0x00007fff88bd0000 - 0x00007fff88bda000 	C:\Program Files\Java\jdk-15.0.1\bin\jimage.dll
0x00007fff98860000 - 0x00007fff98a44000 	C:\WINDOWS\SYSTEM32\DBGHELP.DLL
0x00007fff88fb0000 - 0x00007fff88fdc000 	C:\WINDOWS\SYSTEM32\dbgcore.DLL
0x00007fff9a7e0000 - 0x00007fff9a860000 	C:\WINDOWS\System32\bcryptPrimitives.dll
0x00007fff7ab00000 - 0x00007fff7ab25000 	C:\Program Files\Java\jdk-15.0.1\bin\java.dll
0x00007fff9b8a0000 - 0x00007fff9bfe2000 	C:\WINDOWS\System32\SHELL32.dll
0x00007fff97ff0000 - 0x00007fff98785000 	C:\WINDOWS\SYSTEM32\windows.storage.dll
0x00007fff9aab0000 - 0x00007fff9ae06000 	C:\WINDOWS\System32\combase.dll
0x00007fff99b90000 - 0x00007fff99bbc000 	C:\WINDOWS\SYSTEM32\Wldp.dll
0x00007fff9b100000 - 0x00007fff9b1ae000 	C:\WINDOWS\System32\SHCORE.dll
0x00007fff9bff0000 - 0x00007fff9c045000 	C:\WINDOWS\System32\shlwapi.dll
0x00007fff9a0c0000 - 0x00007fff9a0e6000 	C:\WINDOWS\SYSTEM32\profapi.dll
0x00007fff563a0000 - 0x00007fff56520000 	C:\Program Files\Java\jdk-15.0.1\bin\awt.dll
0x00007fff9b4d0000 - 0x00007fff9b59d000 	C:\WINDOWS\System32\OLEAUT32.dll
0x00007fff97680000 - 0x00007fff97710000 	C:\WINDOWS\SYSTEM32\apphelp.dll
0x00007fff97940000 - 0x00007fff9796f000 	C:\WINDOWS\system32\DWMAPI.DLL
0x00007fff97840000 - 0x00007fff978de000 	C:\WINDOWS\system32\uxtheme.dll
0x00007fff78870000 - 0x00007fff78995000 	C:\WINDOWS\system32\opengl32.dll
0x00007fff7a070000 - 0x00007fff7a09c000 	C:\WINDOWS\SYSTEM32\GLU32.dll
0x00007fff9c100000 - 0x00007fff9c216000 	C:\WINDOWS\System32\MSCTF.dll
0x00007fff9b5a0000 - 0x00007fff9b6ca000 	C:\WINDOWS\System32\ole32.dll
0x00007fff6dbd0000 - 0x00007fff6dc55000 	C:\Program Files\Java\jdk-15.0.1\bin\freetype.dll
0x00007fff6d310000 - 0x00007fff6d3b9000 	C:\Program Files\Java\jdk-15.0.1\bin\fontmanager.dll
0x00007fff9c8c0000 - 0x00007fff9c969000 	C:\WINDOWS\System32\clbcatq.dll
0x00007fff91e70000 - 0x00007fff92024000 	C:\WINDOWS\SYSTEM32\WindowsCodecs.dll
0x00007fff9a430000 - 0x00007fff9a457000 	C:\WINDOWS\System32\bcrypt.dll
0x00007fff69a50000 - 0x00007fff69a8e000 	C:\WINDOWS\system32\dataexchange.dll
0x00007fff95e00000 - 0x00007fff96064000 	C:\WINDOWS\system32\d3d11.dll
0x00007fff96a90000 - 0x00007fff96c77000 	C:\WINDOWS\system32\dcomp.dll
0x00007fff98ae0000 - 0x00007fff98bd3000 	C:\WINDOWS\system32\dxgi.dll
0x00007fff91bb0000 - 0x00007fff91db8000 	C:\WINDOWS\system32\twinapi.appcore.dll
0x00007fff78420000 - 0x00007fff7851d000 	C:\WINDOWS\SYSTEM32\textinputframework.dll
0x00007fff96c80000 - 0x00007fff96fde000 	C:\WINDOWS\System32\CoreUIComponents.dll
0x00007fff97440000 - 0x00007fff97532000 	C:\WINDOWS\System32\CoreMessaging.dll
0x00007fff98ed0000 - 0x00007fff98f03000 	C:\WINDOWS\SYSTEM32\ntmarta.dll
0x00007fff95ca0000 - 0x00007fff95df6000 	C:\WINDOWS\SYSTEM32\wintypes.dll
0x00007fff84ee0000 - 0x00007fff84ef9000 	C:\Program Files\Java\jdk-15.0.1\bin\net.dll
0x00007fff91770000 - 0x00007fff91870000 	C:\WINDOWS\SYSTEM32\WINHTTP.dll
0x00007fff99910000 - 0x00007fff9997a000 	C:\WINDOWS\system32\mswsock.dll
0x00007fff81e10000 - 0x00007fff81e22000 	C:\Program Files\Java\jdk-15.0.1\bin\nio.dll

dbghelp: loaded successfully - version: 4.0.5 - missing functions: none
symbol engine: initialized successfully - sym options: 0x614 - pdb path: .;C:\Program Files\Java\jdk-15.0.1\bin;C:\WINDOWS\SYSTEM32;C:\WINDOWS\WinSxS\amd64_microsoft.windows.common-controls_6595b64144ccf1df_6.0.19041.488_none_ca04af081b815d21;C:\Program Files\Java\jdk-15.0.1\bin\server

VM Arguments:
jvm_args: -Dfile.encoding=Cp1252 -XX:+ShowCodeDetailsInExceptionMessages 
java_command: ATM
java_class_path (initial): C:\Users\Enis\Desktop\coding\JAVA-PROJ\ATM\bin
Launcher Type: SUN_STANDARD

[Global flags]
     intx CICompilerCount                          = 4                                         {product} {ergonomic}
     uint ConcGCThreads                            = 2                                         {product} {ergonomic}
     uint G1ConcRefinementThreads                  = 8                                         {product} {ergonomic}
   size_t G1HeapRegionSize                         = 2097152                                   {product} {ergonomic}
    uintx GCDrainStackTargetSize                   = 64                                        {product} {ergonomic}
   size_t InitialHeapSize                          = 266338304                                 {product} {ergonomic}
   size_t MarkStackSize                            = 4194304                                   {product} {ergonomic}
   size_t MaxHeapSize                              = 4242538496                                {product} {ergonomic}
   size_t MaxNewSize                               = 2543845376                                {product} {ergonomic}
   size_t MinHeapDeltaBytes                        = 2097152                                   {product} {ergonomic}
   size_t MinHeapSize                              = 8388608                                   {product} {ergonomic}
    uintx NonNMethodCodeHeapSize                   = 5839372                                {pd product} {ergonomic}
    uintx NonProfiledCodeHeapSize                  = 122909434                              {pd product} {ergonomic}
    uintx ProfiledCodeHeapSize                     = 122909434                              {pd product} {ergonomic}
    uintx ReservedCodeCacheSize                    = 251658240                              {pd product} {ergonomic}
     bool SegmentedCodeCache                       = true                                      {product} {ergonomic}
     bool ShowCodeDetailsInExceptionMessages       = true                                   {manageable} {command line}
   size_t SoftMaxHeapSize                          = 4242538496                             {manageable} {ergonomic}
     bool UseCompressedClassPointers               = true                                 {lp64_product} {ergonomic}
     bool UseCompressedOops                        = true                                 {lp64_product} {ergonomic}
     bool UseG1GC                                  = true                                      {product} {ergonomic}
     bool UseLargePagesIndividualAllocation        = false                                  {pd product} {ergonomic}

Logging:
Log output configuration:
 #0: stdout all=warning uptime,level,tags
 #1: stderr all=off uptime,level,tags

Environment Variables:
PATH=C:/Program Files/Java/jdk-15.0.1/bin/server;C:/Program Files/Java/jdk-15.0.1/bin;C:\Program Files\Common Files\Oracle\Java\javapath;C:\WINDOWS\system32;C:\WINDOWS;C:\WINDOWS\System32\Wbem;C:\WINDOWS\System32\WindowsPowerShell\v1.0\;C:\WINDOWS\System32\OpenSSH\;C:\Program Files\Git\cmd;C:\Users\Enis\AppData\Local\Programs\Python\Python39\Scripts\;C:\Users\Enis\AppData\Local\Programs\Python\Python39\;C:\Users\Enis\AppData\Local\Microsoft\WindowsApps;C:\Users\Enis\AppData\Local\Programs\Microsoft VS Code\bin;C:\Users\Enis\AppData\Local\GitHubDesktop\bin;C:\Users\Enis\AppData\Local\Microsoft\WindowsApps;C:\Users\Enis\AppData\Local\atom\bin;C:\WINDOWS\system32;
USERNAME=Enis
OS=Windows_NT
PROCESSOR_IDENTIFIER=Intel64 Family 6 Model 142 Stepping 12, GenuineIntel



---------------  S Y S T E M  ---------------

OS:
 Windows 10 , 64 bit Build 19041 (10.0.19041.662)
OS uptime: 13 days 9:55 hours

CPU: total 8 (initial active 8) (4 cores per cpu, 2 threads per core) family 6 model 142 stepping 12 microcode 0xbe, cmov, cx8, fxsr, mmx, sse, sse2, sse3, ssse3, sse4.1, sse4.2, popcnt, vzeroupper, avx, avx2, aes, clmul, erms, 3dnowpref, lzcnt, ht, tsc, tscinvbit, bmi1, bmi2, adx, fma, clflush, clflushopt

Memory: 4k page, system-wide physical 16182M (6122M free)
TotalPageFile size 64614M (AvailPageFile size 0M)
current process WorkingSet (physical memory assigned to process): 45M, peak: 63M
current process commit charge ("private bytes"): 354M, peak: 359M

vm_info: Java HotSpot(TM) 64-Bit Server VM (15.0.1+9-18) for windows-amd64 JRE (15.0.1+9-18), built on Sep 15 2020 14:43:54 by "mach5one" with unknown MS VC++:1925

END.
